#
# A fatal error has been detected by the Java Runtime Environment:
#
#  EXCEPTION_ACCESS_VIOLATION (0xc0000005) at pc=0x00007ffaeaebefa5, pid=9740, tid=11772
#
# JRE version: OpenJDK Runtime Environment (15.0.1+9) (build 15.0.1+9-18)
# Java VM: OpenJDK 64-Bit Server VM (15.0.1+9-18, mixed mode, tiered, compressed oops, g1 gc, windows-amd64)
# Problematic frame:
# V  [jvm.dll+0x74efa5]
#
# No core dump will be written. Minidumps are not enabled by default on client versions of Windows
#
# If you would like to submit a bug report, please visit:
#   https://bugreport.java.com/bugreport/crash.jsp
#

---------------  S U M M A R Y ------------

Command Line: -XX:+ShowCodeDetailsInExceptionMessages -agentlib:jdwp=transport=dt_socket,suspend=y,address=localhost:61130 -javaagent:C:\Program Files (x86)\eclipse\configuration\org.eclipse.osgi\220\0\.cp\lib\javaagent-shaded.jar -Dfile.encoding=Cp1252 p9_package.BinaryAdderClass_Main

Host: Intel(R) Core(TM) i7-9750H CPU @ 2.60GHz, 12 cores, 15G,  Windows 10 , 64 bit Build 19041 (10.0.19041.804)
Time: Tue Mar 23 22:56:08 2021 US Mountain Standard Time elapsed time: 8952.109646 seconds (0d 2h 29m 12s)

---------------  T H R E A D  ---------------

Current thread (0x000002d26d070b20):  JavaThread "main" [_thread_in_vm, id=11772, stack(0x000000df78c00000,0x000000df78d00000)]

Stack: [0x000000df78c00000,0x000000df78d00000],  sp=0x000000df78cff2f0,  free space=1020k
Native frames: (J=compiled Java code, j=interpreted, Vv=VM code, C=native code)
V  [jvm.dll+0x74efa5]
V  [jvm.dll+0x74e386]
V  [jvm.dll+0x34a899]
V  [jvm.dll+0x34a66d]
C  0x000002d270ab181d

Java frames: (J=compiled Java code, j=interpreted, Vv=VM code)
j  p9_package.BinaryAdderClass.addValue(Lp9_package/BinaryAdderClass;)V+15
j  p9_package.BinaryAdderClass_Main.main([Ljava/lang/String;)V+44
v  ~StubRoutines::call_stub

siginfo: EXCEPTION_ACCESS_VIOLATION (0xc0000005), reading address 0x000000000000ca00


Register to memory mapping:

RIP=0x00007ffaeaebefa5 jvm.dll
RAX={method} {0x000002d20dc8a4f8} 'addValue' '(Lp9_package/BinaryAdderClass;)V' in 'p9_package/BinaryAdderClass'
RBX=0x000000df78cff410 is pointing into the stack for thread: 0x000002d26d070b20
RCX=0x7155f847cd190000 is an unknown value
RDX=0x0000000000000001 is an unknown value
RSP=0x000000df78cff2f0 is pointing into the stack for thread: 0x000002d26d070b20
RBP=0x000002d26d070b20 is a thread
RSI=0x000000000000ca00 is an unknown value
RDI=0x000002d26d07b680 points into unknown readable memory: 0x00007ffaeafe2da0 | a0 2d fe ea fa 7f 00 00
R8 =0x000000000000000f is an unknown value
R9 =0x0000000000000004 is an unknown value
R10=0x000002d270a90000 points into unknown readable memory: 0x0000000000000006 | 06 00 00 00 00 00 00 00
R11=0x0000000000000246 is an unknown value
R12=0x0 is NULL
R13=0x0 is NULL
R14=0x0000000000000004 is an unknown value
R15=0x0 is NULL


Registers:
RAX=0x000002d20dc8a4f0, RBX=0x000000df78cff410, RCX=0x7155f847cd190000, RDX=0x0000000000000001
RSP=0x000000df78cff2f0, RBP=0x000002d26d070b20, RSI=0x000000000000ca00, RDI=0x000002d26d07b680
R8 =0x000000000000000f, R9 =0x0000000000000004, R10=0x000002d270a90000, R11=0x0000000000000246
R12=0x0000000000000000, R13=0x0000000000000000, R14=0x0000000000000004, R15=0x0000000000000000
RIP=0x00007ffaeaebefa5, EFLAGS=0x0000000000010206

Top of Stack: (sp=0x000000df78cff2f0)
0x000000df78cff2f0:   000000df78cff410 000000df78cff410
0x000000df78cff300:   000000df78cff410 0000000000000000
0x000000df78cff310:   000002d26d070b20 00007ffaeaaab851
0x000000df78cff320:   000002d200000000 00007ffaeaf04af2
0x000000df78cff330:   00007ffaeaebea40 00007ffa00000000
0x000000df78cff340:   000000df78cff410 0000000000000000
0x000000df78cff350:   000002d26d07b680 000002d26d070b20
0x000000df78cff360:   000000df78cff410 00007ffaeaebe386
0x000000df78cff370:   000002d20dc8a4a7 000000000000000f
0x000000df78cff380:   000002d26d070b20 00007ffa0000000f
0x000000df78cff390:   000000df00000000 0000000000000000
0x000000df78cff3a0:   000002d26d070b20 0000000000000000
0x000000df78cff3b0:   0000000000000000 0000000000000000
0x000000df78cff3c0:   000002d20d5759c0 00007ffaeaaba899
0x000000df78cff3d0:   000002d26d070b20 0000000000000011
0x000000df78cff3e0:   000000df78cff600 000002d26d070b20 

Instructions: (pc=0x00007ffaeaebefa5)
0x00007ffaeaebeea5:   5c 01 00 00 41 8b c8 44 8b c9 e9 51 01 00 00 4c
0x00007ffaeaebeeb5:   8b b4 24 a8 00 00 00 4d 85 f6 75 27 4c 8d 0d f8
0x00007ffaeaebeec5:   74 19 00 ba 4a 04 00 00 4c 8d 05 d4 1b 11 00 48
0x00007ffaeaebeed5:   8d 0d 6d 74 19 00 e8 70 72 ac ff e8 5b ba ed ff
0x00007ffaeaebeee5:   48 8b 03 48 8b c8 e8 30 ee ff ff 4c 8b cd 44 8b
0x00007ffaeaebeef5:   c0 48 8b d3 48 8b cf 44 8b e8 e8 6c e5 ff ff 8b
0x00007ffaeaebef05:   f0 8b 44 24 30 83 f8 04 75 70 49 8b 16 49 8b ce
0x00007ffaeaebef15:   ff 92 18 01 00 00 84 c0 75 08 83 fe 04 74 6a 45
0x00007ffaeaebef25:   8b ef 44 38 3d c0 41 33 00 74 3f 49 8b 06 49 8b
0x00007ffaeaebef35:   ce ff 90 18 01 00 00 84 c0 74 0e 49 8b 06 49 8b
0x00007ffaeaebef45:   ce ff 90 20 01 00 00 eb 05 b8 ff ff ff ff 4c 8b
0x00007ffaeaebef55:   03 ba 06 00 00 00 4d 8b c8 44 89 64 24 28 48 8b
0x00007ffaeaebef65:   cf 89 44 24 20 e8 e1 01 00 00 49 8b 06 49 8b ce
0x00007ffaeaebef75:   ff 90 f8 00 00 00 8b 44 24 30 83 fe 02 75 0a b9
0x00007ffaeaebef85:   03 00 00 00 3b c1 0f 44 f1 44 3b ee 0f 84 84 00
0x00007ffaeaebef95:   00 00 45 8b c5 eb 43 48 8b 70 40 48 85 f6 74 1f
0x00007ffaeaebefa5:   48 8b 06 48 8b ce ff 90 c0 00 00 00 84 c0 74 0f
0x00007ffaeaebefb5:   48 8b 06 48 8b ce ff 90 c8 00 00 00 44 8b f8 4c
0x00007ffaeaebefc5:   8b cd 45 8b c7 48 8b d3 48 8b cf e8 9b e4 ff ff
0x00007ffaeaebefd5:   8b f0 41 3b c7 74 3f 45 8b c7 44 8b ce 48 89 6c
0x00007ffaeaebefe5:   24 20 48 8b d3 48 8b cf e8 4e fc ff ff 84 c0 75
0x00007ffaeaebeff5:   25 48 8b cb e8 a2 72 aa ff 84 c0 75 19 44 8b ce
0x00007ffaeaebf005:   41 b8 ff ff ff ff 48 89 6c 24 20 48 8b d3 48 8b
0x00007ffaeaebf015:   cf e8 d5 ed ff ff 4c 8b b4 24 88 00 00 00 4c 8b
0x00007ffaeaebf025:   ac 24 80 00 00 00 4c 8b bc 24 90 00 00 00 48 83
0x00007ffaeaebf035:   c4 50 41 5c 5f 5e 5d 5b c3 cc cc 48 89 5c 24 08
0x00007ffaeaebf045:   48 89 6c 24 10 48 89 74 24 18 57 48 83 ec 50 49
0x00007ffaeaebf055:   8b c8 49 8b f8 48 8b f2 e8 fe e7 e8 ff 48 8b cf
0x00007ffaeaebf065:   8b e8 e8 e4 ce e8 ff 48 8b 4f 10 45 33 c9 44 8b
0x00007ffaeaebf075:   c0 45 8b d9 45 8b d1 41 8b d9 48 85 c9 74 4b 0f
0x00007ffaeaebf085:   b6 91 04 01 00 00 41 ba 00 00 00 40 80 e2 01 74
0x00007ffaeaebf095:   05 45 8b da eb 0a 44 8b 99 04 01 00 00 41 d1 eb 


Stack slot to memory mapping:
stack at sp + 0 slots: 0x000000df78cff410 is pointing into the stack for thread: 0x000002d26d070b20
stack at sp + 1 slots: 0x000000df78cff410 is pointing into the stack for thread: 0x000002d26d070b20
stack at sp + 2 slots: 0x000000df78cff410 is pointing into the stack for thread: 0x000002d26d070b20
stack at sp + 3 slots: 0x0 is NULL
stack at sp + 4 slots: 0x000002d26d070b20 is a thread
stack at sp + 5 slots: 0x00007ffaeaaab851 jvm.dll
stack at sp + 6 slots: 0x000002d200000000 points into unknown readable memory: 0x0000000000000000 | 00 00 00 00 00 00 00 00
stack at sp + 7 slots: 0x00007ffaeaf04af2 jvm.dll


---------------  P R O C E S S  ---------------

Threads class SMR info:
_java_thread_list=0x000002d20cfc0900, length=14, elements={
0x000002d26d070b20, 0x000002d20cc5b030, 0x000002d20cc5bae0, 0x000002d20cc7b320,
0x000002d20cc7dbf0, 0x000002d20cc7e6a0, 0x000002d20cc7f480, 0x000002d20cc93f00,
0x000002d20cca7fe0, 0x000002d20cd25c30, 0x000002d20d468420, 0x000002d20cf6bcb0,
0x000002d20cf35300, 0x000002d20d521470
}

Java Threads: ( => current thread )
=>0x000002d26d070b20 JavaThread "main" [_thread_in_vm, id=11772, stack(0x000000df78c00000,0x000000df78d00000)]
  0x000002d20cc5b030 JavaThread "Reference Handler" daemon [_thread_blocked, id=14576, stack(0x000000df79300000,0x000000df79400000)]
  0x000002d20cc5bae0 JavaThread "Finalizer" daemon [_thread_blocked, id=13268, stack(0x000000df79400000,0x000000df79500000)]
  0x000002d20cc7b320 JavaThread "Signal Dispatcher" daemon [_thread_blocked, id=14024, stack(0x000000df79500000,0x000000df79600000)]
  0x000002d20cc7dbf0 JavaThread "Attach Listener" daemon [_thread_blocked, id=17976, stack(0x000000df79600000,0x000000df79700000)]
  0x000002d20cc7e6a0 JavaThread "Service Thread" daemon [_thread_blocked, id=20356, stack(0x000000df79700000,0x000000df79800000)]
  0x000002d20cc7f480 JavaThread "C2 CompilerThread0" daemon [_thread_blocked, id=12888, stack(0x000000df79800000,0x000000df79900000)]
  0x000002d20cc93f00 JavaThread "C1 CompilerThread0" daemon [_thread_blocked, id=4608, stack(0x000000df79900000,0x000000df79a00000)]
  0x000002d20cca7fe0 JavaThread "Sweeper thread" daemon [_thread_blocked, id=21100, stack(0x000000df79a00000,0x000000df79b00000)]
  0x000002d20cd25c30 JavaThread "Common-Cleaner" daemon [_thread_blocked, id=19624, stack(0x000000df79b00000,0x000000df79c00000)]
  0x000002d20d468420 JavaThread "JDWP Transport Listener: dt_socket" daemon [_thread_blocked, id=13580, stack(0x000000df79c00000,0x000000df79d00000)]
  0x000002d20cf6bcb0 JavaThread "JDWP Event Helper Thread" daemon [_thread_blocked, id=4928, stack(0x000000df79d00000,0x000000df79e00000)]
  0x000002d20cf35300 JavaThread "JDWP Command Reader" daemon [_thread_in_native, id=2792, stack(0x000000df79e00000,0x000000df79f00000)]
  0x000002d20d521470 JavaThread "Notification Thread" daemon [_thread_blocked, id=19164, stack(0x000000df7a000000,0x000000df7a100000)]

Other Threads:
  0x000002d20cc26980 VMThread "VM Thread" [stack: 0x000000df79200000,0x000000df79300000] [id=19996]
  0x000002d26d071cd0 WatcherThread [stack: 0x000000df7a100000,0x000000df7a200000] [id=3048]
  0x000002d26d0c4950 GCTaskThread "GC Thread#0" [stack: 0x000000df78d00000,0x000000df78e00000] [id=16944]
  0x000002d26d0d7250 ConcurrentGCThread "G1 Main Marker" [stack: 0x000000df78e00000,0x000000df78f00000] [id=3124]
  0x000002d26d0d7ec0 ConcurrentGCThread "G1 Conc#0" [stack: 0x000000df78f00000,0x000000df79000000] [id=17264]
  0x000002d26d14da20 ConcurrentGCThread "G1 Refine#0" [stack: 0x000000df79000000,0x000000df79100000] [id=15656]
  0x000002d26d14e620 ConcurrentGCThread "G1 Young RemSet Sampling" [stack: 0x000000df79100000,0x000000df79200000] [id=20164]

Threads with active compile tasks:

VM state: not at safepoint (normal execution)

VM Mutex/Monitor currently owned by a thread: None

Heap address: 0x0000000701800000, size: 4072 MB, Compressed Oops mode: Zero based, Oop shift amount: 3
CDS disabled.
Compressed class space mapped at: 0x0000000800000000-0x0000000840000000, size: 1073741824
Narrow klass base: 0x0000000800000000, Narrow klass shift: 0, Narrow klass range: 0x40000000

GC Precious Log:
 CPUs: 12 total, 12 available
 Memory: 16282M
 Large Page Support: Disabled
 NUMA Support: Disabled
 Compressed Oops: Enabled (Zero based)
 Heap Region Size: 2M
 Heap Min Capacity: 8M
 Heap Initial Capacity: 256M
 Heap Max Capacity: 4072M
 Pre-touch: Disabled
 Parallel Workers: 10
 Concurrent Workers: 3
 Concurrent Refinement Workers: 10
 Periodic GC: Disabled

Heap:
 garbage-first heap   total 262144K, used 6144K [0x0000000701800000, 0x0000000800000000)
  region size 2048K, 4 young (8192K), 0 survivors (0K)
 Metaspace       used 9441K, capacity 9534K, committed 9600K, reserved 1058816K
  class space    used 822K, capacity 853K, committed 896K, reserved 1048576K

Heap Regions: E=young(eden), S=young(survivor), O=old, HS=humongous(starts), HC=humongous(continues), CS=collection set, F=free, OA=open archive, CA=closed archive, TAMS=top-at-mark-start (previous, next)
|   0|0x0000000701800000, 0x0000000701800000, 0x0000000701a00000|  0%| F|  |TAMS 0x0000000701800000, 0x0000000701800000| Untracked 
|   1|0x0000000701a00000, 0x0000000701a00000, 0x0000000701c00000|  0%| F|  |TAMS 0x0000000701a00000, 0x0000000701a00000| Untracked 
|   2|0x0000000701c00000, 0x0000000701c00000, 0x0000000701e00000|  0%| F|  |TAMS 0x0000000701c00000, 0x0000000701c00000| Untracked 
|   3|0x0000000701e00000, 0x0000000701e00000, 0x0000000702000000|  0%| F|  |TAMS 0x0000000701e00000, 0x0000000701e00000| Untracked 
|   4|0x0000000702000000, 0x0000000702000000, 0x0000000702200000|  0%| F|  |TAMS 0x0000000702000000, 0x0000000702000000| Untracked 
|   5|0x0000000702200000, 0x0000000702200000, 0x0000000702400000|  0%| F|  |TAMS 0x0000000702200000, 0x0000000702200000| Untracked 
|   6|0x0000000702400000, 0x0000000702400000, 0x0000000702600000|  0%| F|  |TAMS 0x0000000702400000, 0x0000000702400000| Untracked 
|   7|0x0000000702600000, 0x0000000702600000, 0x0000000702800000|  0%| F|  |TAMS 0x0000000702600000, 0x0000000702600000| Untracked 
|   8|0x0000000702800000, 0x0000000702800000, 0x0000000702a00000|  0%| F|  |TAMS 0x0000000702800000, 0x0000000702800000| Untracked 
|   9|0x0000000702a00000, 0x0000000702a00000, 0x0000000702c00000|  0%| F|  |TAMS 0x0000000702a00000, 0x0000000702a00000| Untracked 
|  10|0x0000000702c00000, 0x0000000702c00000, 0x0000000702e00000|  0%| F|  |TAMS 0x0000000702c00000, 0x0000000702c00000| Untracked 
|  11|0x0000000702e00000, 0x0000000702e00000, 0x0000000703000000|  0%| F|  |TAMS 0x0000000702e00000, 0x0000000702e00000| Untracked 
|  12|0x0000000703000000, 0x0000000703000000, 0x0000000703200000|  0%| F|  |TAMS 0x0000000703000000, 0x0000000703000000| Untracked 
|  13|0x0000000703200000, 0x0000000703200000, 0x0000000703400000|  0%| F|  |TAMS 0x0000000703200000, 0x0000000703200000| Untracked 
|  14|0x0000000703400000, 0x0000000703400000, 0x0000000703600000|  0%| F|  |TAMS 0x0000000703400000, 0x0000000703400000| Untracked 
|  15|0x0000000703600000, 0x0000000703600000, 0x0000000703800000|  0%| F|  |TAMS 0x0000000703600000, 0x0000000703600000| Untracked 
|  16|0x0000000703800000, 0x0000000703800000, 0x0000000703a00000|  0%| F|  |TAMS 0x0000000703800000, 0x0000000703800000| Untracked 
|  17|0x0000000703a00000, 0x0000000703a00000, 0x0000000703c00000|  0%| F|  |TAMS 0x0000000703a00000, 0x0000000703a00000| Untracked 
|  18|0x0000000703c00000, 0x0000000703c00000, 0x0000000703e00000|  0%| F|  |TAMS 0x0000000703c00000, 0x0000000703c00000| Untracked 
|  19|0x0000000703e00000, 0x0000000703e00000, 0x0000000704000000|  0%| F|  |TAMS 0x0000000703e00000, 0x0000000703e00000| Untracked 
|  20|0x0000000704000000, 0x0000000704000000, 0x0000000704200000|  0%| F|  |TAMS 0x0000000704000000, 0x0000000704000000| Untracked 
|  21|0x0000000704200000, 0x0000000704200000, 0x0000000704400000|  0%| F|  |TAMS 0x0000000704200000, 0x0000000704200000| Untracked 
|  22|0x0000000704400000, 0x0000000704400000, 0x0000000704600000|  0%| F|  |TAMS 0x0000000704400000, 0x0000000704400000| Untracked 
|  23|0x0000000704600000, 0x0000000704600000, 0x0000000704800000|  0%| F|  |TAMS 0x0000000704600000, 0x0000000704600000| Untracked 
|  24|0x0000000704800000, 0x0000000704800000, 0x0000000704a00000|  0%| F|  |TAMS 0x0000000704800000, 0x0000000704800000| Untracked 
|  25|0x0000000704a00000, 0x0000000704a00000, 0x0000000704c00000|  0%| F|  |TAMS 0x0000000704a00000, 0x0000000704a00000| Untracked 
|  26|0x0000000704c00000, 0x0000000704c00000, 0x0000000704e00000|  0%| F|  |TAMS 0x0000000704c00000, 0x0000000704c00000| Untracked 
|  27|0x0000000704e00000, 0x0000000704e00000, 0x0000000705000000|  0%| F|  |TAMS 0x0000000704e00000, 0x0000000704e00000| Untracked 
|  28|0x0000000705000000, 0x0000000705000000, 0x0000000705200000|  0%| F|  |TAMS 0x0000000705000000, 0x0000000705000000| Untracked 
|  29|0x0000000705200000, 0x0000000705200000, 0x0000000705400000|  0%| F|  |TAMS 0x0000000705200000, 0x0000000705200000| Untracked 
|  30|0x0000000705400000, 0x0000000705400000, 0x0000000705600000|  0%| F|  |TAMS 0x0000000705400000, 0x0000000705400000| Untracked 
|  31|0x0000000705600000, 0x0000000705600000, 0x0000000705800000|  0%| F|  |TAMS 0x0000000705600000, 0x0000000705600000| Untracked 
|  32|0x0000000705800000, 0x0000000705800000, 0x0000000705a00000|  0%| F|  |TAMS 0x0000000705800000, 0x0000000705800000| Untracked 
|  33|0x0000000705a00000, 0x0000000705a00000, 0x0000000705c00000|  0%| F|  |TAMS 0x0000000705a00000, 0x0000000705a00000| Untracked 
|  34|0x0000000705c00000, 0x0000000705c00000, 0x0000000705e00000|  0%| F|  |TAMS 0x0000000705c00000, 0x0000000705c00000| Untracked 
|  35|0x0000000705e00000, 0x0000000705e00000, 0x0000000706000000|  0%| F|  |TAMS 0x0000000705e00000, 0x0000000705e00000| Untracked 
|  36|0x0000000706000000, 0x0000000706000000, 0x0000000706200000|  0%| F|  |TAMS 0x0000000706000000, 0x0000000706000000| Untracked 
|  37|0x0000000706200000, 0x0000000706200000, 0x0000000706400000|  0%| F|  |TAMS 0x0000000706200000, 0x0000000706200000| Untracked 
|  38|0x0000000706400000, 0x0000000706400000, 0x0000000706600000|  0%| F|  |TAMS 0x0000000706400000, 0x0000000706400000| Untracked 
|  39|0x0000000706600000, 0x0000000706600000, 0x0000000706800000|  0%| F|  |TAMS 0x0000000706600000, 0x0000000706600000| Untracked 
|  40|0x0000000706800000, 0x0000000706800000, 0x0000000706a00000|  0%| F|  |TAMS 0x0000000706800000, 0x0000000706800000| Untracked 
|  41|0x0000000706a00000, 0x0000000706a00000, 0x0000000706c00000|  0%| F|  |TAMS 0x0000000706a00000, 0x0000000706a00000| Untracked 
|  42|0x0000000706c00000, 0x0000000706c00000, 0x0000000706e00000|  0%| F|  |TAMS 0x0000000706c00000, 0x0000000706c00000| Untracked 
|  43|0x0000000706e00000, 0x0000000706e00000, 0x0000000707000000|  0%| F|  |TAMS 0x0000000706e00000, 0x0000000706e00000| Untracked 
|  44|0x0000000707000000, 0x0000000707000000, 0x0000000707200000|  0%| F|  |TAMS 0x0000000707000000, 0x0000000707000000| Untracked 
|  45|0x0000000707200000, 0x0000000707200000, 0x0000000707400000|  0%| F|  |TAMS 0x0000000707200000, 0x0000000707200000| Untracked 
|  46|0x0000000707400000, 0x0000000707400000, 0x0000000707600000|  0%| F|  |TAMS 0x0000000707400000, 0x0000000707400000| Untracked 
|  47|0x0000000707600000, 0x0000000707600000, 0x0000000707800000|  0%| F|  |TAMS 0x0000000707600000, 0x0000000707600000| Untracked 
|  48|0x0000000707800000, 0x0000000707800000, 0x0000000707a00000|  0%| F|  |TAMS 0x0000000707800000, 0x0000000707800000| Untracked 
|  49|0x0000000707a00000, 0x0000000707a00000, 0x0000000707c00000|  0%| F|  |TAMS 0x0000000707a00000, 0x0000000707a00000| Untracked 
|  50|0x0000000707c00000, 0x0000000707c00000, 0x0000000707e00000|  0%| F|  |TAMS 0x0000000707c00000, 0x0000000707c00000| Untracked 
|  51|0x0000000707e00000, 0x0000000707e00000, 0x0000000708000000|  0%| F|  |TAMS 0x0000000707e00000, 0x0000000707e00000| Untracked 
|  52|0x0000000708000000, 0x0000000708000000, 0x0000000708200000|  0%| F|  |TAMS 0x0000000708000000, 0x0000000708000000| Untracked 
|  53|0x0000000708200000, 0x0000000708200000, 0x0000000708400000|  0%| F|  |TAMS 0x0000000708200000, 0x0000000708200000| Untracked 
|  54|0x0000000708400000, 0x0000000708400000, 0x0000000708600000|  0%| F|  |TAMS 0x0000000708400000, 0x0000000708400000| Untracked 
|  55|0x0000000708600000, 0x0000000708600000, 0x0000000708800000|  0%| F|  |TAMS 0x0000000708600000, 0x0000000708600000| Untracked 
|  56|0x0000000708800000, 0x0000000708800000, 0x0000000708a00000|  0%| F|  |TAMS 0x0000000708800000, 0x0000000708800000| Untracked 
|  57|0x0000000708a00000, 0x0000000708a00000, 0x0000000708c00000|  0%| F|  |TAMS 0x0000000708a00000, 0x0000000708a00000| Untracked 
|  58|0x0000000708c00000, 0x0000000708c00000, 0x0000000708e00000|  0%| F|  |TAMS 0x0000000708c00000, 0x0000000708c00000| Untracked 
|  59|0x0000000708e00000, 0x0000000708e00000, 0x0000000709000000|  0%| F|  |TAMS 0x0000000708e00000, 0x0000000708e00000| Untracked 
|  60|0x0000000709000000, 0x0000000709000000, 0x0000000709200000|  0%| F|  |TAMS 0x0000000709000000, 0x0000000709000000| Untracked 
|  61|0x0000000709200000, 0x0000000709200000, 0x0000000709400000|  0%| F|  |TAMS 0x0000000709200000, 0x0000000709200000| Untracked 
|  62|0x0000000709400000, 0x0000000709400000, 0x0000000709600000|  0%| F|  |TAMS 0x0000000709400000, 0x0000000709400000| Untracked 
|  63|0x0000000709600000, 0x0000000709600000, 0x0000000709800000|  0%| F|  |TAMS 0x0000000709600000, 0x0000000709600000| Untracked 
|  64|0x0000000709800000, 0x0000000709800000, 0x0000000709a00000|  0%| F|  |TAMS 0x0000000709800000, 0x0000000709800000| Untracked 
|  65|0x0000000709a00000, 0x0000000709a00000, 0x0000000709c00000|  0%| F|  |TAMS 0x0000000709a00000, 0x0000000709a00000| Untracked 
|  66|0x0000000709c00000, 0x0000000709c00000, 0x0000000709e00000|  0%| F|  |TAMS 0x0000000709c00000, 0x0000000709c00000| Untracked 
|  67|0x0000000709e00000, 0x0000000709e00000, 0x000000070a000000|  0%| F|  |TAMS 0x0000000709e00000, 0x0000000709e00000| Untracked 
|  68|0x000000070a000000, 0x000000070a000000, 0x000000070a200000|  0%| F|  |TAMS 0x000000070a000000, 0x000000070a000000| Untracked 
|  69|0x000000070a200000, 0x000000070a200000, 0x000000070a400000|  0%| F|  |TAMS 0x000000070a200000, 0x000000070a200000| Untracked 
|  70|0x000000070a400000, 0x000000070a400000, 0x000000070a600000|  0%| F|  |TAMS 0x000000070a400000, 0x000000070a400000| Untracked 
|  71|0x000000070a600000, 0x000000070a600000, 0x000000070a800000|  0%| F|  |TAMS 0x000000070a600000, 0x000000070a600000| Untracked 
|  72|0x000000070a800000, 0x000000070a800000, 0x000000070aa00000|  0%| F|  |TAMS 0x000000070a800000, 0x000000070a800000| Untracked 
|  73|0x000000070aa00000, 0x000000070aa00000, 0x000000070ac00000|  0%| F|  |TAMS 0x000000070aa00000, 0x000000070aa00000| Untracked 
|  74|0x000000070ac00000, 0x000000070ac00000, 0x000000070ae00000|  0%| F|  |TAMS 0x000000070ac00000, 0x000000070ac00000| Untracked 
|  75|0x000000070ae00000, 0x000000070ae00000, 0x000000070b000000|  0%| F|  |TAMS 0x000000070ae00000, 0x000000070ae00000| Untracked 
|  76|0x000000070b000000, 0x000000070b000000, 0x000000070b200000|  0%| F|  |TAMS 0x000000070b000000, 0x000000070b000000| Untracked 
|  77|0x000000070b200000, 0x000000070b200000, 0x000000070b400000|  0%| F|  |TAMS 0x000000070b200000, 0x000000070b200000| Untracked 
|  78|0x000000070b400000, 0x000000070b400000, 0x000000070b600000|  0%| F|  |TAMS 0x000000070b400000, 0x000000070b400000| Untracked 
|  79|0x000000070b600000, 0x000000070b600000, 0x000000070b800000|  0%| F|  |TAMS 0x000000070b600000, 0x000000070b600000| Untracked 
|  80|0x000000070b800000, 0x000000070b800000, 0x000000070ba00000|  0%| F|  |TAMS 0x000000070b800000, 0x000000070b800000| Untracked 
|  81|0x000000070ba00000, 0x000000070ba00000, 0x000000070bc00000|  0%| F|  |TAMS 0x000000070ba00000, 0x000000070ba00000| Untracked 
|  82|0x000000070bc00000, 0x000000070bc00000, 0x000000070be00000|  0%| F|  |TAMS 0x000000070bc00000, 0x000000070bc00000| Untracked 
|  83|0x000000070be00000, 0x000000070be00000, 0x000000070c000000|  0%| F|  |TAMS 0x000000070be00000, 0x000000070be00000| Untracked 
|  84|0x000000070c000000, 0x000000070c000000, 0x000000070c200000|  0%| F|  |TAMS 0x000000070c000000, 0x000000070c000000| Untracked 
|  85|0x000000070c200000, 0x000000070c200000, 0x000000070c400000|  0%| F|  |TAMS 0x000000070c200000, 0x000000070c200000| Untracked 
|  86|0x000000070c400000, 0x000000070c400000, 0x000000070c600000|  0%| F|  |TAMS 0x000000070c400000, 0x000000070c400000| Untracked 
|  87|0x000000070c600000, 0x000000070c600000, 0x000000070c800000|  0%| F|  |TAMS 0x000000070c600000, 0x000000070c600000| Untracked 
|  88|0x000000070c800000, 0x000000070c800000, 0x000000070ca00000|  0%| F|  |TAMS 0x000000070c800000, 0x000000070c800000| Untracked 
|  89|0x000000070ca00000, 0x000000070ca00000, 0x000000070cc00000|  0%| F|  |TAMS 0x000000070ca00000, 0x000000070ca00000| Untracked 
|  90|0x000000070cc00000, 0x000000070cc00000, 0x000000070ce00000|  0%| F|  |TAMS 0x000000070cc00000, 0x000000070cc00000| Untracked 
|  91|0x000000070ce00000, 0x000000070ce00000, 0x000000070d000000|  0%| F|  |TAMS 0x000000070ce00000, 0x000000070ce00000| Untracked 
|  92|0x000000070d000000, 0x000000070d000000, 0x000000070d200000|  0%| F|  |TAMS 0x000000070d000000, 0x000000070d000000| Untracked 
|  93|0x000000070d200000, 0x000000070d200000, 0x000000070d400000|  0%| F|  |TAMS 0x000000070d200000, 0x000000070d200000| Untracked 
|  94|0x000000070d400000, 0x000000070d400000, 0x000000070d600000|  0%| F|  |TAMS 0x000000070d400000, 0x000000070d400000| Untracked 
|  95|0x000000070d600000, 0x000000070d600000, 0x000000070d800000|  0%| F|  |TAMS 0x000000070d600000, 0x000000070d600000| Untracked 
|  96|0x000000070d800000, 0x000000070d800000, 0x000000070da00000|  0%| F|  |TAMS 0x000000070d800000, 0x000000070d800000| Untracked 
|  97|0x000000070da00000, 0x000000070da00000, 0x000000070dc00000|  0%| F|  |TAMS 0x000000070da00000, 0x000000070da00000| Untracked 
|  98|0x000000070dc00000, 0x000000070dc00000, 0x000000070de00000|  0%| F|  |TAMS 0x000000070dc00000, 0x000000070dc00000| Untracked 
|  99|0x000000070de00000, 0x000000070de00000, 0x000000070e000000|  0%| F|  |TAMS 0x000000070de00000, 0x000000070de00000| Untracked 
| 100|0x000000070e000000, 0x000000070e000000, 0x000000070e200000|  0%| F|  |TAMS 0x000000070e000000, 0x000000070e000000| Untracked 
| 101|0x000000070e200000, 0x000000070e200000, 0x000000070e400000|  0%| F|  |TAMS 0x000000070e200000, 0x000000070e200000| Untracked 
| 102|0x000000070e400000, 0x000000070e400000, 0x000000070e600000|  0%| F|  |TAMS 0x000000070e400000, 0x000000070e400000| Untracked 
| 103|0x000000070e600000, 0x000000070e600000, 0x000000070e800000|  0%| F|  |TAMS 0x000000070e600000, 0x000000070e600000| Untracked 
| 104|0x000000070e800000, 0x000000070e800000, 0x000000070ea00000|  0%| F|  |TAMS 0x000000070e800000, 0x000000070e800000| Untracked 
| 105|0x000000070ea00000, 0x000000070ea00000, 0x000000070ec00000|  0%| F|  |TAMS 0x000000070ea00000, 0x000000070ea00000| Untracked 
| 106|0x000000070ec00000, 0x000000070ec00000, 0x000000070ee00000|  0%| F|  |TAMS 0x000000070ec00000, 0x000000070ec00000| Untracked 
| 107|0x000000070ee00000, 0x000000070ee00000, 0x000000070f000000|  0%| F|  |TAMS 0x000000070ee00000, 0x000000070ee00000| Untracked 
| 108|0x000000070f000000, 0x000000070f000000, 0x000000070f200000|  0%| F|  |TAMS 0x000000070f000000, 0x000000070f000000| Untracked 
| 109|0x000000070f200000, 0x000000070f200000, 0x000000070f400000|  0%| F|  |TAMS 0x000000070f200000, 0x000000070f200000| Untracked 
| 110|0x000000070f400000, 0x000000070f400000, 0x000000070f600000|  0%| F|  |TAMS 0x000000070f400000, 0x000000070f400000| Untracked 
| 111|0x000000070f600000, 0x000000070f600000, 0x000000070f800000|  0%| F|  |TAMS 0x000000070f600000, 0x000000070f600000| Untracked 
| 112|0x000000070f800000, 0x000000070f800000, 0x000000070fa00000|  0%| F|  |TAMS 0x000000070f800000, 0x000000070f800000| Untracked 
| 113|0x000000070fa00000, 0x000000070fa00000, 0x000000070fc00000|  0%| F|  |TAMS 0x000000070fa00000, 0x000000070fa00000| Untracked 
| 114|0x000000070fc00000, 0x000000070fc00000, 0x000000070fe00000|  0%| F|  |TAMS 0x000000070fc00000, 0x000000070fc00000| Untracked 
| 115|0x000000070fe00000, 0x000000070fe00000, 0x0000000710000000|  0%| F|  |TAMS 0x000000070fe00000, 0x000000070fe00000| Untracked 
| 116|0x0000000710000000, 0x0000000710000000, 0x0000000710200000|  0%| F|  |TAMS 0x0000000710000000, 0x0000000710000000| Untracked 
| 117|0x0000000710200000, 0x0000000710200000, 0x0000000710400000|  0%| F|  |TAMS 0x0000000710200000, 0x0000000710200000| Untracked 
| 118|0x0000000710400000, 0x0000000710400000, 0x0000000710600000|  0%| F|  |TAMS 0x0000000710400000, 0x0000000710400000| Untracked 
| 119|0x0000000710600000, 0x0000000710600000, 0x0000000710800000|  0%| F|  |TAMS 0x0000000710600000, 0x0000000710600000| Untracked 
| 120|0x0000000710800000, 0x0000000710800000, 0x0000000710a00000|  0%| F|  |TAMS 0x0000000710800000, 0x0000000710800000| Untracked 
| 121|0x0000000710a00000, 0x0000000710a00000, 0x0000000710c00000|  0%| F|  |TAMS 0x0000000710a00000, 0x0000000710a00000| Untracked 
| 122|0x0000000710c00000, 0x0000000710c00000, 0x0000000710e00000|  0%| F|  |TAMS 0x0000000710c00000, 0x0000000710c00000| Untracked 
| 123|0x0000000710e00000, 0x0000000710e00000, 0x0000000711000000|  0%| F|  |TAMS 0x0000000710e00000, 0x0000000710e00000| Untracked 
| 124|0x0000000711000000, 0x0000000711153410, 0x0000000711200000| 66%| E|  |TAMS 0x0000000711000000, 0x0000000711000000| Complete 
| 125|0x0000000711200000, 0x0000000711400000, 0x0000000711400000|100%| E|CS|TAMS 0x0000000711200000, 0x0000000711200000| Complete 
| 126|0x0000000711400000, 0x0000000711600000, 0x0000000711600000|100%| E|CS|TAMS 0x0000000711400000, 0x0000000711400000| Complete 
| 127|0x0000000711600000, 0x0000000711800000, 0x0000000711800000|100%| E|CS|TAMS 0x0000000711600000, 0x0000000711600000| Complete 

Card table byte_map: [0x000002d200800000,0x000002d201000000] _byte_map_base: 0x000002d1fcff4000

Marking Bits (Prev, Next): (CMBitMap*) 0x000002d26d0c51c0, (CMBitMap*) 0x000002d26d0c5200
 Prev Bits: [0x000002d201800000, 0x000002d2057a0000)
 Next Bits: [0x000002d2057a0000, 0x000002d209740000)

Polling page: 0x000002d26b030000

Metaspace:

Usage:
  Non-class:      8.48 MB capacity,     8.42 MB (>99%) used,    57.23 KB ( <1%) free+waste,     5.56 KB ( <1%) overhead. 
      Class:    853.00 KB capacity,   822.86 KB ( 96%) used,    28.39 KB (  3%) free+waste,     1.75 KB ( <1%) overhead. 
       Both:      9.31 MB capacity,     9.22 MB (>99%) used,    85.62 KB ( <1%) free+waste,     7.31 KB ( <1%) overhead. 

Virtual space:
  Non-class space:       10.00 MB reserved,       8.50 MB ( 85%) committed 
      Class space:        1.00 GB reserved,     896.00 KB ( <1%) committed 
             Both:        1.01 GB reserved,       9.38 MB ( <1%) committed 

Chunk freelists:
   Non-Class:  23.00 KB
       Class:  11.00 KB
        Both:  34.00 KB

MaxMetaspaceSize: 17179869184.00 GB
CompressedClassSpaceSize: 1.00 GB

CodeHeap 'non-profiled nmethods': size=120000Kb used=157Kb max_used=157Kb free=119842Kb
 bounds [0x000002d278560000, 0x000002d2787d0000, 0x000002d27fa90000]
CodeHeap 'profiled nmethods': size=120000Kb used=681Kb max_used=681Kb free=119319Kb
 bounds [0x000002d271030000, 0x000002d2712a0000, 0x000002d278560000]
CodeHeap 'non-nmethods': size=5760Kb used=1224Kb max_used=1256Kb free=4535Kb
 bounds [0x000002d270a90000, 0x000002d270d00000, 0x000002d271030000]
 total_blobs=875 nmethods=489 adapters=299
 compilation: enabled
              stopped_count=0, restarted_count=0
 full_count=0

Compilation events (20 events):
Event: 7681.148 Thread 0x000002d20cc93f00  530       3       java.lang.ref.ReferenceQueue::reallyPoll (65 bytes)
Event: 7681.149 Thread 0x000002d20cc93f00 nmethod 530 0x000002d2710d2290 code [0x000002d2710d2460, 0x000002d2710d2998]
Event: 8292.462 Thread 0x000002d20cc93f00  531       3       org.eclipse.jdt.launching.internal.org.objectweb.asm.SymbolTable::addConstantUtf8 (98 bytes)
Event: 8292.470 Thread 0x000002d20cc93f00 

Event: 8378.042 Thread 0x000002d20cc93f00  532       3       org.eclipse.jdt.launching.internal.org.objectweb.asm.SymbolTable::addConstantUtf8 (98 bytes)
Event: 8378.046 Thread 0x000002d20cc93f00 

Event: 8438.973 Thread 0x000002d20cc7f480  533       4       org.eclipse.jdt.launching.internal.org.objectweb.asm.Symbol::<init> (38 bytes)
Event: 8438.981 Thread 0x000002d20cc7f480 

Event: 8700.229 Thread 0x000002d20cc7f480  534       4       org.eclipse.jdt.launching.internal.org.objectweb.asm.SymbolTable$Entry::<init> (17 bytes)
Event: 8700.230 Thread 0x000002d20cc93f00  535       3       org.eclipse.jdt.launching.internal.org.objectweb.asm.SymbolTable::addConstantUtf8 (98 bytes)
Event: 8700.235 Thread 0x000002d20cc93f00 

Event: 8700.236 Thread 0x000002d20cc7f480 

Event: 8749.059 Thread 0x000002d20cc93f00  536       3       org.eclipse.jdt.launching.internal.org.objectweb.asm.AnnotationWriter::putAnnotations (67 bytes)
Event: 8749.065 Thread 0x000002d20cc93f00 nmethod 536 0x000002d2710d2a90 code [0x000002d2710d2cc0, 0x000002d2710d30f8]
Event: 8860.004 Thread 0x000002d20cc93f00  537       1       java.security.CodeSource::getLocation (5 bytes)
Event: 8860.004 Thread 0x000002d20cc93f00 nmethod 537 0x000002d278587290 code [0x000002d278587420, 0x000002d2785874d8]
Event: 8860.004 Thread 0x000002d20cc93f00  539       3       org.eclipse.jdt.launching.internal.org.objectweb.asm.SymbolTable::addConstantUtf8 (98 bytes)
Event: 8860.010 Thread 0x000002d20cc93f00 

Event: 8860.010 Thread 0x000002d20cc93f00  538       3       org.eclipse.jdt.launching.internal.org.objectweb.asm.ClassReader::readMethod (1061 bytes)
Event: 8860.021 Thread 0x000002d20cc93f00 nmethod 538 0x000002d2710d3410 code [0x000002d2710d3b60, 0x000002d2710d8468]

GC Heap History (0 events):
No events

Deoptimization events (20 events):
Event: 0.936 Thread 0x000002d26d070b20 DEOPT PACKING pc=0x000002d2710bd62a sp=0x000000df78cff5b0
Event: 0.936 Thread 0x000002d26d070b20 DEOPT UNPACKING pc=0x000002d270ade23f sp=0x000000df78cfea68 mode 0
Event: 0.936 Thread 0x000002d26d070b20 DEOPT PACKING pc=0x000002d2710bd62a sp=0x000000df78cff5b0
Event: 0.936 Thread 0x000002d26d070b20 DEOPT UNPACKING pc=0x000002d270ade23f sp=0x000000df78cfea68 mode 0
Event: 0.937 Thread 0x000002d26d070b20 DEOPT PACKING pc=0x000002d2710bd62a sp=0x000000df78cff5b0
Event: 0.937 Thread 0x000002d26d070b20 DEOPT UNPACKING pc=0x000002d270ade23f sp=0x000000df78cfea68 mode 0
Event: 0.937 Thread 0x000002d26d070b20 DEOPT PACKING pc=0x000002d2710bd62a sp=0x000000df78cff5b0
Event: 0.937 Thread 0x000002d26d070b20 DEOPT UNPACKING pc=0x000002d270ade23f sp=0x000000df78cfea68 mode 0
Event: 0.937 Thread 0x000002d26d070b20 DEOPT PACKING pc=0x000002d2710bd62a sp=0x000000df78cff5b0
Event: 0.937 Thread 0x000002d26d070b20 DEOPT UNPACKING pc=0x000002d270ade23f sp=0x000000df78cfea68 mode 0
Event: 0.937 Thread 0x000002d26d070b20 DEOPT PACKING pc=0x000002d2710bd62a sp=0x000000df78cff5b0
Event: 0.937 Thread 0x000002d26d070b20 DEOPT UNPACKING pc=0x000002d270ade23f sp=0x000000df78cfea68 mode 0
Event: 0.937 Thread 0x000002d26d070b20 DEOPT PACKING pc=0x000002d2710bd62a sp=0x000000df78cff5b0
Event: 0.937 Thread 0x000002d26d070b20 DEOPT UNPACKING pc=0x000002d270ade23f sp=0x000000df78cfea68 mode 0
Event: 0.937 Thread 0x000002d26d070b20 DEOPT PACKING pc=0x000002d2710bd62a sp=0x000000df78cff5b0
Event: 0.937 Thread 0x000002d26d070b20 DEOPT UNPACKING pc=0x000002d270ade23f sp=0x000000df78cfea68 mode 0
Event: 0.937 Thread 0x000002d26d070b20 DEOPT PACKING pc=0x000002d2710bd62a sp=0x000000df78cff5b0
Event: 0.937 Thread 0x000002d26d070b20 DEOPT UNPACKING pc=0x000002d270ade23f sp=0x000000df78cfea68 mode 0
Event: 406.199 Thread 0x000002d26d070b20 DEOPT PACKING pc=0x000002d27857feac sp=0x000000df78cff5d0
Event: 406.199 Thread 0x000002d26d070b20 DEOPT UNPACKING pc=0x000002d270ade23f sp=0x000000df78cfea68 mode 0

Classes unloaded (0 events):
No events

Classes redefined (20 events):
Event: 7327.177 Thread 0x000002d20cc26980 redefined class name=p9_package.BinaryAdderClass, count=49
Event: 7532.719 Thread 0x000002d20cc26980 redefined class name=p9_package.BinaryAdderClass, count=50
Event: 7552.652 Thread 0x000002d20cc26980 redefined class name=p9_package.BinaryAdderClass, count=51
Event: 7577.379 Thread 0x000002d20cc26980 redefined class name=p9_package.BinaryAdderClass, count=52
Event: 7608.879 Thread 0x000002d20cc26980 redefined class name=p9_package.BinaryAdderClass, count=53
Event: 7659.640 Thread 0x000002d20cc26980 redefined class name=p9_package.BinaryAdderClass, count=54
Event: 7767.604 Thread 0x000002d20cc26980 redefined class name=p9_package.BinaryAdderClass_Main, count=2
Event: 8292.466 Thread 0x000002d20cc26980 redefined class name=p9_package.BinaryAdderClass, count=55
Event: 8299.829 Thread 0x000002d20cc26980 redefined class name=p9_package.BinaryAdderClass, count=56
Event: 8334.198 Thread 0x000002d20cc26980 redefined class name=p9_package.BinaryAdderClass, count=57
Event: 8378.044 Thread 0x000002d20cc26980 redefined class name=p9_package.BinaryAdderClass, count=58
Event: 8423.182 Thread 0x000002d20cc26980 redefined class name=p9_package.BinaryAdderClass, count=59
Event: 8438.974 Thread 0x000002d20cc26980 redefined class name=p9_package.BinaryAdderClass_Main, count=3
Event: 8459.347 Thread 0x000002d20cc26980 redefined class name=p9_package.BinaryAdderClass_Main, count=4
Event: 8497.820 Thread 0x000002d20cc26980 redefined class name=p9_package.BinaryAdderClass_Main, count=5
Event: 8700.232 Thread 0x000002d20cc26980 redefined class name=p9_package.BinaryAdderClass, count=60
Event: 8749.062 Thread 0x000002d20cc26980 redefined class name=p9_package.BinaryAdderClass, count=61
Event: 8845.944 Thread 0x000002d20cc26980 redefined class name=p9_package.BinaryAdderClass, count=62
Event: 8860.007 Thread 0x000002d20cc26980 redefined class name=p9_package.BinaryAdderClass, count=63
Event: 8928.122 Thread 0x000002d20cc26980 redefined class name=p9_package.BinaryAdderClass, count=64

Internal exceptions (3 events):
Event: 0.609 Thread 0x000002d26d070b20 Exception <a 'java/lang/NoSuchMethodError'{0x00000007114482b8}: 'void java.lang.invoke.DirectMethodHandle$Holder.invokeStatic(java.lang.Object, java.lang.Object)'> (0x00000007114482b8) 
thrown [./open/src/hotspot/share/interpreter/linkResolver.cpp, line 782]
Event: 0.610 Thread 0x000002d26d070b20 Exception <a 'java/lang/NoSuchMethodError'{0x000000071144bf60}: 'void java.lang.invoke.DirectMethodHandle$Holder.invokeStaticInit(java.lang.Object, java.lang.Object)'> (0x000000071144bf60) 
thrown [./open/src/hotspot/share/interpreter/linkResolver.cpp, line 782]
Event: 0.817 Thread 0x000002d26d070b20 Exception <a 'java/lang/NoSuchMethodError'{0x000000071122cbe0}: 'java.lang.Object java.lang.invoke.DirectMethodHandle$Holder.invokeStatic(java.lang.Object)'> (0x000000071122cbe0) 
thrown [./open/src/hotspot/share/interpreter/linkResolver.cpp, line 782]

Events (20 events):
Event: 8497.819 Executing VM operation: RedefineClasses
Event: 8497.823 Executing VM operation: RedefineClasses done
Event: 8700.230 Executing VM operation: RedefineClasses
Event: 8700.235 Executing VM operation: RedefineClasses done
Event: 8749.060 Executing VM operation: RedefineClasses
Event: 8749.065 Executing VM operation: RedefineClasses done
Event: 8845.942 Executing VM operation: RedefineClasses
Event: 8845.949 Executing VM operation: RedefineClasses done
Event: 8860.005 Executing VM operation: RedefineClasses
Event: 8860.010 Executing VM operation: RedefineClasses done
Event: 8928.121 Executing VM operation: RedefineClasses
Event: 8928.125 Executing VM operation: RedefineClasses done
Event: 8945.373 Executing VM operation: ChangeBreakpoints
Event: 8945.373 Executing VM operation: ChangeBreakpoints done
Event: 8949.128 Executing VM operation: ChangeBreakpoints
Event: 8949.129 Executing VM operation: ChangeBreakpoints done
Event: 8952.094 Executing VM operation: ChangeBreakpoints
Event: 8952.094 Executing VM operation: ChangeBreakpoints done
Event: 8952.095 Executing VM operation: ChangeBreakpoints
Event: 8952.096 Executing VM operation: ChangeBreakpoints done


Dynamic libraries:
0x00007ff797200000 - 0x00007ff79720d000 	C:\Program Files (x86)\eclipse\plugins\org.eclipse.justj.openjdk.hotspot.jre.full.win32.x86_64_15.0.1.v20201027-0507\jre\bin\javaw.exe
0x00007ffb4a0d0000 - 0x00007ffb4a2c5000 	C:\WINDOWS\SYSTEM32\ntdll.dll
0x00007ffb48c20000 - 0x00007ffb48cdd000 	C:\WINDOWS\System32\KERNEL32.DLL
0x00007ffb47810000 - 0x00007ffb47ad9000 	C:\WINDOWS\System32\KERNELBASE.dll
0x00007ffb48030000 - 0x00007ffb48130000 	C:\WINDOWS\System32\ucrtbase.dll
0x00007ffb41b20000 - 0x00007ffb41b39000 	C:\Program Files (x86)\eclipse\plugins\org.eclipse.justj.openjdk.hotspot.jre.full.win32.x86_64_15.0.1.v20201027-0507\jre\bin\VCRUNTIME140.dll
0x00007ffb41e50000 - 0x00007ffb41e68000 	C:\Program Files (x86)\eclipse\plugins\org.eclipse.justj.openjdk.hotspot.jre.full.win32.x86_64_15.0.1.v20201027-0507\jre\bin\jli.dll
0x00007ffb48ce0000 - 0x00007ffb48e80000 	C:\WINDOWS\System32\USER32.dll
0x00007ffb308f0000 - 0x00007ffb30b8a000 	C:\WINDOWS\WinSxS\amd64_microsoft.windows.common-controls_6595b64144ccf1df_6.0.19041.844_none_ca00b6081b84eb1d\COMCTL32.dll
0x00007ffb47f60000 - 0x00007ffb47f82000 	C:\WINDOWS\System32\win32u.dll
0x00007ffb48ac0000 - 0x00007ffb48b5e000 	C:\WINDOWS\System32\msvcrt.dll
0x00007ffb48a80000 - 0x00007ffb48aaa000 	C:\WINDOWS\System32\GDI32.dll
0x00007ffb47c40000 - 0x00007ffb47d4b000 	C:\WINDOWS\System32\gdi32full.dll
0x00007ffb47f90000 - 0x00007ffb4802d000 	C:\WINDOWS\System32\msvcp_win.dll
0x00007ffb49f80000 - 0x00007ffb49fb0000 	C:\WINDOWS\System32\IMM32.DLL
0x00007ffb41870000 - 0x00007ffb4187c000 	C:\Program Files (x86)\eclipse\plugins\org.eclipse.justj.openjdk.hotspot.jre.full.win32.x86_64_15.0.1.v20201027-0507\jre\bin\vcruntime140_1.dll
0x00007ffb31160000 - 0x00007ffb311f1000 	C:\Program Files (x86)\eclipse\plugins\org.eclipse.justj.openjdk.hotspot.jre.full.win32.x86_64_15.0.1.v20201027-0507\jre\bin\msvcp140.dll
0x00007ffaea770000 - 0x00007ffaeb2ce000 	C:\Program Files (x86)\eclipse\plugins\org.eclipse.justj.openjdk.hotspot.jre.full.win32.x86_64_15.0.1.v20201027-0507\jre\bin\server\jvm.dll
0x00007ffb493c0000 - 0x00007ffb4946c000 	C:\WINDOWS\System32\ADVAPI32.dll
0x00007ffb49030000 - 0x00007ffb490cc000 	C:\WINDOWS\System32\sechost.dll
0x00007ffb494f0000 - 0x00007ffb4961b000 	C:\WINDOWS\System32\RPCRT4.dll
0x00007ffb490d0000 - 0x00007ffb490d8000 	C:\WINDOWS\System32\PSAPI.DLL
0x00007ffb296e0000 - 0x00007ffb296e9000 	C:\WINDOWS\SYSTEM32\WSOCK32.dll
0x00007ffb2fda0000 - 0x00007ffb2fdc7000 	C:\WINDOWS\SYSTEM32\WINMM.dll
0x00007ffb419c0000 - 0x00007ffb419ca000 	C:\WINDOWS\SYSTEM32\VERSION.dll
0x00007ffb48e90000 - 0x00007ffb48efb000 	C:\WINDOWS\System32\WS2_32.dll
0x00007ffb45730000 - 0x00007ffb45742000 	C:\WINDOWS\SYSTEM32\kernel.appcore.dll
0x00007ffb420a0000 - 0x00007ffb420aa000 	C:\Program Files (x86)\eclipse\plugins\org.eclipse.justj.openjdk.hotspot.jre.full.win32.x86_64_15.0.1.v20201027-0507\jre\bin\jimage.dll
0x00007ffb44ee0000 - 0x00007ffb450c4000 	C:\WINDOWS\SYSTEM32\DBGHELP.DLL
0x00007ffb35790000 - 0x00007ffb357bc000 	C:\WINDOWS\SYSTEM32\dbgcore.DLL
0x00007ffb47de0000 - 0x00007ffb47e60000 	C:\WINDOWS\System32\bcryptPrimitives.dll
0x00007ffb2f160000 - 0x00007ffb2f199000 	C:\Program Files (x86)\eclipse\plugins\org.eclipse.justj.openjdk.hotspot.jre.full.win32.x86_64_15.0.1.v20201027-0507\jre\bin\jdwp.dll
0x00007ffb41860000 - 0x00007ffb4186e000 	C:\Program Files (x86)\eclipse\plugins\org.eclipse.justj.openjdk.hotspot.jre.full.win32.x86_64_15.0.1.v20201027-0507\jre\bin\instrument.dll
0x00007ffb419e0000 - 0x00007ffb41a05000 	C:\Program Files (x86)\eclipse\plugins\org.eclipse.justj.openjdk.hotspot.jre.full.win32.x86_64_15.0.1.v20201027-0507\jre\bin\java.dll
0x00007ffb3cee0000 - 0x00007ffb3cef8000 	C:\Program Files (x86)\eclipse\plugins\org.eclipse.justj.openjdk.hotspot.jre.full.win32.x86_64_15.0.1.v20201027-0507\jre\bin\zip.dll
0x00007ffb49680000 - 0x00007ffb49dc2000 	C:\WINDOWS\System32\SHELL32.dll
0x00007ffb45930000 - 0x00007ffb460c0000 	C:\WINDOWS\SYSTEM32\windows.storage.dll
0x00007ffb482b0000 - 0x00007ffb48605000 	C:\WINDOWS\System32\combase.dll
0x00007ffb47260000 - 0x00007ffb4728c000 	C:\WINDOWS\SYSTEM32\Wldp.dll
0x00007ffb49200000 - 0x00007ffb492ae000 	C:\WINDOWS\System32\SHCORE.dll
0x00007ffb49360000 - 0x00007ffb493b5000 	C:\WINDOWS\System32\shlwapi.dll
0x00007ffb47750000 - 0x00007ffb4776f000 	C:\WINDOWS\SYSTEM32\profapi.dll
0x00007ffb41850000 - 0x00007ffb4185b000 	C:\Program Files (x86)\eclipse\plugins\org.eclipse.justj.openjdk.hotspot.jre.full.win32.x86_64_15.0.1.v20201027-0507\jre\bin\dt_socket.dll
0x00007ffb46c60000 - 0x00007ffb46c9b000 	C:\WINDOWS\SYSTEM32\IPHLPAPI.DLL
0x00007ffb46fb0000 - 0x00007ffb4701a000 	C:\WINDOWS\system32\mswsock.dll
0x00007ffb46cb0000 - 0x00007ffb46d7b000 	C:\WINDOWS\SYSTEM32\DNSAPI.dll
0x00007ffb48ab0000 - 0x00007ffb48ab8000 	C:\WINDOWS\System32\NSI.dll
0x00007ffb31a90000 - 0x00007ffb31a9a000 	C:\Windows\System32\rasadhlp.dll
0x00007ffb3ec70000 - 0x00007ffb3ecef000 	C:\WINDOWS\System32\fwpuclnt.dll
0x00007ffb47d50000 - 0x00007ffb47d77000 	C:\WINDOWS\System32\bcrypt.dll
0x00007ffb3cbb0000 - 0x00007ffb3cbc9000 	C:\Program Files (x86)\eclipse\plugins\org.eclipse.justj.openjdk.hotspot.jre.full.win32.x86_64_15.0.1.v20201027-0507\jre\bin\net.dll
0x00007ffb40860000 - 0x00007ffb4096c000 	C:\WINDOWS\SYSTEM32\WINHTTP.dll
0x00007ffb381b0000 - 0x00007ffb381c2000 	C:\Program Files (x86)\eclipse\plugins\org.eclipse.justj.openjdk.hotspot.jre.full.win32.x86_64_15.0.1.v20201027-0507\jre\bin\nio.dll
0x00007ffb41910000 - 0x00007ffb41920000 	C:\Program Files (x86)\eclipse\plugins\org.eclipse.justj.openjdk.hotspot.jre.full.win32.x86_64_15.0.1.v20201027-0507\jre\bin\verify.dll

dbghelp: loaded successfully - version: 4.0.5 - missing functions: none
symbol engine: initialized successfully - sym options: 0x614 - pdb path: .;C:\Program Files (x86)\eclipse\plugins\org.eclipse.justj.openjdk.hotspot.jre.full.win32.x86_64_15.0.1.v20201027-0507\jre\bin;C:\WINDOWS\SYSTEM32;C:\WINDOWS\WinSxS\amd64_microsoft.windows.common-controls_6595b64144ccf1df_6.0.19041.844_none_ca00b6081b84eb1d;C:\Program Files (x86)\eclipse\plugins\org.eclipse.justj.openjdk.hotspot.jre.full.win32.x86_64_15.0.1.v20201027-0507\jre\bin\server

VM Arguments:
jvm_args: -XX:+ShowCodeDetailsInExceptionMessages -agentlib:jdwp=transport=dt_socket,suspend=y,address=localhost:61130 -javaagent:C:\Program Files (x86)\eclipse\configuration\org.eclipse.osgi\220\0\.cp\lib\javaagent-shaded.jar -Dfile.encoding=Cp1252 
java_command: p9_package.BinaryAdderClass_Main
java_class_path (initial): C:\Users\thelu\Documents\Luke's Personal Docs\Code\Project_9\bin
Launcher Type: SUN_STANDARD

[Global flags]
     intx CICompilerCount                          = 4                                         {product} {ergonomic}
     uint ConcGCThreads                            = 3                                         {product} {ergonomic}
     uint G1ConcRefinementThreads                  = 10                                        {product} {ergonomic}
   size_t G1HeapRegionSize                         = 2097152                                   {product} {ergonomic}
    uintx GCDrainStackTargetSize                   = 64                                        {product} {ergonomic}
   size_t InitialHeapSize                          = 268435456                                 {product} {ergonomic}
   size_t MarkStackSize                            = 4194304                                   {product} {ergonomic}
   size_t MaxHeapSize                              = 4269801472                                {product} {ergonomic}
   size_t MaxNewSize                               = 2560622592                                {product} {ergonomic}
   size_t MinHeapDeltaBytes                        = 2097152                                   {product} {ergonomic}
   size_t MinHeapSize                              = 8388608                                   {product} {ergonomic}
    uintx NonNMethodCodeHeapSize                   = 5839372                                {pd product} {ergonomic}
    uintx NonProfiledCodeHeapSize                  = 122909434                              {pd product} {ergonomic}
    uintx ProfiledCodeHeapSize                     = 122909434                              {pd product} {ergonomic}
    uintx ReservedCodeCacheSize                    = 251658240                              {pd product} {ergonomic}
     bool SegmentedCodeCache                       = true                                      {product} {ergonomic}
     bool ShowCodeDetailsInExceptionMessages       = true                                   {manageable} {command line}
   size_t SoftMaxHeapSize                          = 4269801472                             {manageable} {ergonomic}
     bool UseCompressedClassPointers               = true                                 {lp64_product} {ergonomic}
     bool UseCompressedOops                        = true                                 {lp64_product} {ergonomic}
     bool UseG1GC                                  = true                                      {product} {ergonomic}
     bool UseLargePagesIndividualAllocation        = false                                  {pd product} {ergonomic}

Logging:
Log output configuration:
 #0: stdout all=warning uptime,level,tags
 #1: stderr all=off uptime,level,tags

Environment Variables:
PATH=C:\Program Files (x86)\eclipse\plugins\org.eclipse.justj.openjdk.hotspot.jre.full.win32.x86_64_15.0.1.v20201027-0507\jre\bin;C:/Program Files (x86)/eclipse//plugins/org.eclipse.justj.openjdk.hotspot.jre.full.win32.x86_64_15.0.1.v20201027-0507/jre/bin/server;C:/Program Files (x86)/eclipse//plugins/org.eclipse.justj.openjdk.hotspot.jre.full.win32.x86_64_15.0.1.v20201027-0507/jre/bin;C:\Program Files (x86)\Common Files\Oracle\Java\javapath;C:\Program Files\Common Files\Oracle\Java\javapath;C:\Program Files (x86)\Razer Chroma SDK\bin;C:\Program Files\Razer Chroma SDK\bin;C:\Windows\system32;C:\Windows;C:\Program Files\Java\jdk-13.0.2\bin;C:\Program Files (x86)\Razer\ChromaBroadcast\bin;C:\Program Files\Razer\ChromaBroadcast\bin;C:\Windows\System32\Wbem;C:\Windows\System32\WindowsPowerShell\v1.0\;C:\Windows\System32\OpenSSH\;C:\Program Files (x86)\Intel\Intel(R) Management Engine Components\DAL;C:\Program Files\Intel\Intel(R) Management Engine Components\DAL;C:\Program Files\Intel\WiFi\bin\;C:\Program Files\Common Files\Intel\WirelessCommon\;C:\Program Files (x86)\NVIDIA Corporation\PhysX\Common;C:\Program Files\NVIDIA Corporation\NVIDIA NvDLISR;C:\Users\Administrator\AppData\Local\Microsoft\WindowsApps;C:\Program Files\Oculus\Support\oculus-runtime;C:\Windows\system32\config\systemprofile\AppData\Local\Microsoft\WindowsApps;C:\WINDOWS\system32;C:\WINDOWS;C:\WINDOWS\System32\Wbem;C:\WINDOWS\System32\WindowsPowerShell\v1.0\;C:\WINDOWS\System32\OpenSSH\;C:\Program Files\PuTTY\;C:\Program Files\nodejs\;C:\Program Files\dotnet\;T:\Modding\Minecraft Mods\WorldPainter;C:\Program Files (x86)\dotnet\;C:\Users\thelu\AppData\Local\Microsoft\WindowsApps;C:\Users\thelu\AppData\Roaming\npm;C:\Users\thelu\.dotnet\tools;C:\Program Files (x86)\eclipse;
USERNAME=thelu
OS=Windows_NT
PROCESSOR_IDENTIFIER=Intel64 Family 6 Model 158 Stepping 10, GenuineIntel



---------------  S Y S T E M  ---------------

OS:
 Windows 10 , 64 bit Build 19041 (10.0.19041.804)
OS uptime: 1 days 7:19 hours
HyperV virtualization detected

CPU: total 12 (initial active 12) (6 cores per cpu, 2 threads per core) family 6 model 158 stepping 10 microcode 0xde, cmov, cx8, fxsr, mmx, sse, sse2, sse3, ssse3, sse4.1, sse4.2, popcnt, vzeroupper, avx, avx2, aes, clmul, erms, 3dnowpref, lzcnt, ht, tsc, tscinvbit, bmi1, bmi2, adx, fma, clflush, clflushopt

Memory: 4k page, system-wide physical 16282M (3766M free)
TotalPageFile size 42205M (AvailPageFile size 6094M)
current process WorkingSet (physical memory assigned to process): 38M, peak: 48M
current process commit charge ("private bytes"): 347M, peak: 350M

vm_info: OpenJDK 64-Bit Server VM (15.0.1+9-18) for windows-amd64 JRE (15.0.1+9-18), built on Sep 15 2020 14:39:31 by "mach5one" with unknown MS VC++:1925

END.
