#
# A fatal error has been detected by the Java Runtime Environment:
#
#  EXCEPTION_ACCESS_VIOLATION (0xc0000005) at pc=0x00007ffb909a674a, pid=10688, tid=7788
#
# JRE version: OpenJDK Runtime Environment (15.0.1+9) (build 15.0.1+9-18)
# Java VM: OpenJDK 64-Bit Server VM (15.0.1+9-18, mixed mode, tiered, compressed oops, g1 gc, windows-amd64)
# Problematic frame:
# V  [jvm.dll+0x6f674a]
#
# No core dump will be written. Minidumps are not enabled by default on client versions of Windows
#
# If you would like to submit a bug report, please visit:
#   https://bugreport.java.com/bugreport/crash.jsp
#

---------------  S U M M A R Y ------------

Command Line: -XX:+ShowCodeDetailsInExceptionMessages -agentlib:jdwp=transport=dt_socket,suspend=y,address=localhost:50956 -javaagent:C:\Program Files (x86)\eclipse\configuration\org.eclipse.osgi\220\0\.cp\lib\javaagent-shaded.jar -Dfile.encoding=Cp1252 p11_package.TestClass

Host: Intel(R) Core(TM) i7-9750H CPU @ 2.60GHz, 12 cores, 15G,  Windows 10 , 64 bit Build 19041 (10.0.19041.804)
Time: Tue Apr 13 00:25:24 2021 US Mountain Standard Time elapsed time: 108.339621 seconds (0d 0h 1m 48s)

---------------  T H R E A D  ---------------

Current thread (0x000001fbf351e430):  JavaThread "main" [_thread_in_vm, id=7788, stack(0x0000001a48e00000,0x0000001a48f00000)]

Stack: [0x0000001a48e00000,0x0000001a48f00000],  sp=0x0000001a48efeb40,  free space=1018k
Native frames: (J=compiled Java code, j=interpreted, Vv=VM code, C=native code)
V  [jvm.dll+0x6f674a]
V  [jvm.dll+0x521655]
V  [jvm.dll+0x521af8]
V  [jvm.dll+0x34d2f0]
V  [jvm.dll+0x34cd92]
C  0x000001fb800366f4

Java frames: (J=compiled Java code, j=interpreted, Vv=VM code)
j  p11_package.TestClass.decodeCharacter(J)C+-13530
j  p11_package.TestClass.main([Ljava/lang/String;)V+5
v  ~StubRoutines::call_stub

siginfo: EXCEPTION_ACCESS_VIOLATION (0xc0000005), reading address 0x0000000000000004


Register to memory mapping:

RIP=0x00007ffb909a674a jvm.dll
RAX=0x0 is NULL
RBX=0x000001fbff9250a8 points into unknown readable memory: 0x616a001a571effff | ff ff 1e 57 1a 00 6a 61
RCX=0x0 is NULL
RDX=0x0 is NULL
RSP=0x0000001a48efeb40 is pointing into the stack for thread: 0x000001fbf351e430
RBP=0x000001fbf351e430 is a thread
RSI=0x000001fbf351e900 points into unknown readable memory: 0x0000000000000000 | 00 00 00 00 00 00 00 00
RDI=0x000001fbf3445420 points into unknown readable memory: 0x000001fb00000002 | 02 00 00 00 fb 01 00 00
R8 =0x0 is NULL
R9 =0x0000001a48efee30 is pointing into the stack for thread: 0x000001fbf351e430
R10=0x000001fbf3450550 points into unknown readable memory: 0x0000001e00000004 | 04 00 00 00 1e 00 00 00
R11=0x0000001a48efeae0 is pointing into the stack for thread: 0x000001fbf351e430
R12=0x00000000000003d8 is an unknown value
R13=0x0 is NULL
R14=0x000001fbf351e910 points into unknown readable memory: 0x0000000a00000001 | 01 00 00 00 0a 00 00 00
R15=0x000001fbf351ece8 points into unknown readable memory: 0x0800b95eb75472b7 | b7 72 54 b7 5e b9 00 08


Registers:
RAX=0x0000000000000000, RBX=0x000001fbff9250a8, RCX=0x0000000000000000, RDX=0x0000000000000000
RSP=0x0000001a48efeb40, RBP=0x000001fbf351e430, RSI=0x000001fbf351e900, RDI=0x000001fbf3445420
R8 =0x0000000000000000, R9 =0x0000001a48efee30, R10=0x000001fbf3450550, R11=0x0000001a48efeae0
R12=0x00000000000003d8, R13=0x0000000000000000, R14=0x000001fbf351e910, R15=0x000001fbf351ece8
RIP=0x00007ffb909a674a, EFLAGS=0x0000000000010202

Top of Stack: (sp=0x0000001a48efeb40)
0x0000001a48efeb40:   00000008000ca850 0000000000000000
0x0000001a48efeb50:   0000000000000000 0000001a48efee30
0x0000001a48efeb60:   000001fbf3445420 00007ffb907d1655
0x0000001a48efeb70:   000001fbff9250a8 000001fbf351e430
0x0000001a48efeb80:   000001fbffdda200 0000000000000000
0x0000001a48efeb90:   0000000000000000 0000000000000000
0x0000001a48efeba0:   0000000000000000 0000000000000000
0x0000001a48efebb0:   0000000000010100 0000000000000000
0x0000001a48efebc0:   0000000000000000 0000000000000000
0x0000001a48efebd0:   0000000000000000 0000000000000000
0x0000001a48efebe0:   0000000000000000 0000000000000000
0x0000001a48efebf0:   0000000000000000 0000000000000000
0x0000001a48efec00:   0000000000000000 0000000000000000
0x0000001a48efec10:   0000000000000000 0000000000000000
0x0000001a48efec20:   0000000000000000 0000000000000000
0x0000001a48efec30:   0000000000000000 0000000000000000 

Instructions: (pc=0x00007ffb909a674a)
0x00007ffb909a664a:   48 63 c8 41 8d 50 0a e9 6a 84 99 ff cc cc cc cc
0x00007ffb909a665a:   cc cc cc cc cc cc 48 89 5c 24 08 57 48 83 ec 20
0x00007ffb909a666a:   83 fa 02 8d 42 06 b9 08 00 00 00 49 8b d8 0f 4e
0x00007ffb909a667a:   c1 48 63 c8 48 83 c1 07 83 e1 f8 48 63 f9 49 8b
0x00007ffb909a668a:   48 18 48 8b c7 48 f7 d0 48 3b c1 73 16 4c 8d 05
0x00007ffb909a669a:   92 09 15 00 48 8b d7 48 8b cb e8 a7 22 9a ff 48
0x00007ffb909a66aa:   8b 4b 18 48 8d 04 39 48 3b 43 20 76 18 45 33 c0
0x00007ffb909a66ba:   48 8b d7 48 8b cb 48 8b 5c 24 30 48 83 c4 20 5f
0x00007ffb909a66ca:   e9 d1 1e 9a ff 48 89 43 18 48 8b c1 48 8b 5c 24
0x00007ffb909a66da:   30 48 83 c4 20 5f c3 cc cc cc cc cc cc cc cc cc
0x00007ffb909a66ea:   cc cc cc cc cc cc 4c 8b d2 4c 8b d9 45 85 c0 7e
0x00007ffb909a66fa:   3c 44 0f b7 49 04 41 8d 40 ff 41 3b c1 44 0f 4c
0x00007ffb909a670a:   c8 4d 63 c1 45 85 c9 7e 1f 48 8b c2 4c 2b da 49
0x00007ffb909a671a:   8b d0 0f 1f 40 00 41 0f b6 4c 03 06 88 08 48 8d
0x00007ffb909a672a:   40 01 48 83 ea 01 75 ee 43 c6 04 10 00 49 8b c2
0x00007ffb909a673a:   c3 cc cc cc cc cc 48 89 5c 24 08 57 48 83 ec 20
0x00007ffb909a674a:   0f b7 59 04 48 8b f9 33 d2 48 8d 4b 01 e8 44 c0
0x00007ffb909a675a:   f8 ff 0f b7 57 04 4c 8b c0 3b da 0f 42 d3 44 8b
0x00007ffb909a676a:   ca 85 d2 74 39 48 2b f8 0f 1f 40 00 66 66 0f 1f
0x00007ffb909a677a:   84 00 00 00 00 00 0f b6 4c 07 06 88 08 48 ff c0
0x00007ffb909a678a:   48 8b c8 49 2b c8 49 3b c9 7c eb 42 c6 04 02 00
0x00007ffb909a679a:   49 8b c0 48 8b 5c 24 30 48 83 c4 20 5f c3 48 8b
0x00007ffb909a67aa:   5c 24 30 c6 04 02 00 48 83 c4 20 5f c3 cc cc cc
0x00007ffb909a67ba:   cc cc cc cc cc cc 4c 8b d1 45 85 c0 7e 6c 44 0f
0x00007ffb909a67ca:   b7 49 04 41 8d 40 ff 41 3b c1 44 0f 4c c8 4d 63
0x00007ffb909a67da:   d9 45 85 c9 7e 22 48 8b ca 4c 2b d2 4d 8b c3 0f
0x00007ffb909a67ea:   1f 80 00 00 00 00 41 0f b6 44 0a 06 88 01 48 8d
0x00007ffb909a67fa:   49 01 49 83 e8 01 75 ee 41 c6 04 13 00 48 c7 c0
0x00007ffb909a680a:   ff ff ff ff 66 90 48 ff c0 80 3c 02 00 75 f7 48
0x00007ffb909a681a:   63 c8 85 c0 48 8b c2 7e 14 80 38 2f 75 03 c6 00
0x00007ffb909a682a:   2e 48 ff c0 48 83 e9 01 75 ef 48 8b c2 c3 cc cc
0x00007ffb909a683a:   cc cc cc cc cc cc 48 83 ec 28 e8 f7 fe ff ff 4c 


Stack slot to memory mapping:
stack at sp + 0 slots: 0x00000008000ca850 is a pointer to class: 
p11_package.TestClass {0x00000008000ca858}
stack at sp + 1 slots: 0x0 is NULL
stack at sp + 2 slots: 0x0 is NULL
stack at sp + 3 slots: 0x0000001a48efee30 is pointing into the stack for thread: 0x000001fbf351e430
stack at sp + 4 slots: 0x000001fbf3445420 points into unknown readable memory: 0x000001fb00000002 | 02 00 00 00 fb 01 00 00
stack at sp + 5 slots: 0x00007ffb907d1655 jvm.dll
stack at sp + 6 slots: 0x000001fbff9250a8 points into unknown readable memory: 0x616a001a571effff | ff ff 1e 57 1a 00 6a 61
stack at sp + 7 slots: 0x000001fbf351e430 is a thread


---------------  P R O C E S S  ---------------

Threads class SMR info:
_java_thread_list=0x000001fb95bd72e0, length=14, elements={
0x000001fbf351e430, 0x000001fbffa9f010, 0x000001fbffaa19d0, 0x000001fbffac50a0,
0x000001fbffac5a50, 0x000001fbffac6400, 0x000001fbffac70e0, 0x000001fbffacb080,
0x000001fbffae4240, 0x000001fbffbdbf40, 0x000001fb95af0060, 0x000001fbffd7bf00,
0x000001fbffd7c3f0, 0x000001fb95bc2a50
}

Java Threads: ( => current thread )
=>0x000001fbf351e430 JavaThread "main" [_thread_in_vm, id=7788, stack(0x0000001a48e00000,0x0000001a48f00000)]
  0x000001fbffa9f010 JavaThread "Reference Handler" daemon [_thread_blocked, id=6372, stack(0x0000001a49500000,0x0000001a49600000)]
  0x000001fbffaa19d0 JavaThread "Finalizer" daemon [_thread_blocked, id=10520, stack(0x0000001a49600000,0x0000001a49700000)]
  0x000001fbffac50a0 JavaThread "Signal Dispatcher" daemon [_thread_blocked, id=11032, stack(0x0000001a49700000,0x0000001a49800000)]
  0x000001fbffac5a50 JavaThread "Attach Listener" daemon [_thread_blocked, id=10456, stack(0x0000001a49800000,0x0000001a49900000)]
  0x000001fbffac6400 JavaThread "Service Thread" daemon [_thread_blocked, id=13040, stack(0x0000001a49900000,0x0000001a49a00000)]
  0x000001fbffac70e0 JavaThread "C2 CompilerThread0" daemon [_thread_blocked, id=9776, stack(0x0000001a49a00000,0x0000001a49b00000)]
  0x000001fbffacb080 JavaThread "C1 CompilerThread0" daemon [_thread_blocked, id=13604, stack(0x0000001a49b00000,0x0000001a49c00000)]
  0x000001fbffae4240 JavaThread "Sweeper thread" daemon [_thread_blocked, id=20020, stack(0x0000001a49c00000,0x0000001a49d00000)]
  0x000001fbffbdbf40 JavaThread "Common-Cleaner" daemon [_thread_blocked, id=11124, stack(0x0000001a49d00000,0x0000001a49e00000)]
  0x000001fb95af0060 JavaThread "JDWP Transport Listener: dt_socket" daemon [_thread_blocked, id=12688, stack(0x0000001a49e00000,0x0000001a49f00000)]
  0x000001fbffd7bf00 JavaThread "JDWP Event Helper Thread" daemon [_thread_blocked, id=4652, stack(0x0000001a49f00000,0x0000001a4a000000)]
  0x000001fbffd7c3f0 JavaThread "JDWP Command Reader" daemon [_thread_in_native, id=3224, stack(0x0000001a4a000000,0x0000001a4a100000)]
  0x000001fb95bc2a50 JavaThread "Notification Thread" daemon [_thread_blocked, id=2536, stack(0x0000001a4a200000,0x0000001a4a300000)]

Other Threads:
  0x000001fbffa68f70 VMThread "VM Thread" [stack: 0x0000001a49400000,0x0000001a49500000] [id=1600]
  0x000001fb95bc01f0 WatcherThread [stack: 0x0000001a4a300000,0x0000001a4a400000] [id=12460]
  0x000001fbf56b71b0 GCTaskThread "GC Thread#0" [stack: 0x0000001a48f00000,0x0000001a49000000] [id=4376]
  0x000001fbf56ca9c0 ConcurrentGCThread "G1 Main Marker" [stack: 0x0000001a49000000,0x0000001a49100000] [id=1528]
  0x000001fbf56cb530 ConcurrentGCThread "G1 Conc#0" [stack: 0x0000001a49100000,0x0000001a49200000] [id=18416]
  0x000001fbf572a380 ConcurrentGCThread "G1 Refine#0" [stack: 0x0000001a49200000,0x0000001a49300000] [id=13944]
  0x000001fbf572abc0 ConcurrentGCThread "G1 Young RemSet Sampling" [stack: 0x0000001a49300000,0x0000001a49400000] [id=1912]

Threads with active compile tasks:

VM state: not at safepoint (normal execution)

VM Mutex/Monitor currently owned by a thread: None

Heap address: 0x0000000701800000, size: 4072 MB, Compressed Oops mode: Zero based, Oop shift amount: 3
CDS disabled.
Compressed class space mapped at: 0x0000000800000000-0x0000000840000000, size: 1073741824
Narrow klass base: 0x0000000800000000, Narrow klass shift: 0, Narrow klass range: 0x40000000

GC Precious Log:
 CPUs: 12 total, 12 available
 Memory: 16282M
 Large Page Support: Disabled
 NUMA Support: Disabled
 Compressed Oops: Enabled (Zero based)
 Heap Region Size: 2M
 Heap Min Capacity: 8M
 Heap Initial Capacity: 256M
 Heap Max Capacity: 4072M
 Pre-touch: Disabled
 Parallel Workers: 10
 Concurrent Workers: 3
 Concurrent Refinement Workers: 10
 Periodic GC: Disabled

Heap:
 garbage-first heap   total 262144K, used 4096K [0x0000000701800000, 0x0000000800000000)
  region size 2048K, 3 young (6144K), 0 survivors (0K)
 Metaspace       used 9278K, capacity 9374K, committed 9600K, reserved 1058816K
  class space    used 789K, capacity 821K, committed 896K, reserved 1048576K

Heap Regions: E=young(eden), S=young(survivor), O=old, HS=humongous(starts), HC=humongous(continues), CS=collection set, F=free, OA=open archive, CA=closed archive, TAMS=top-at-mark-start (previous, next)
|   0|0x0000000701800000, 0x0000000701800000, 0x0000000701a00000|  0%| F|  |TAMS 0x0000000701800000, 0x0000000701800000| Untracked 
|   1|0x0000000701a00000, 0x0000000701a00000, 0x0000000701c00000|  0%| F|  |TAMS 0x0000000701a00000, 0x0000000701a00000| Untracked 
|   2|0x0000000701c00000, 0x0000000701c00000, 0x0000000701e00000|  0%| F|  |TAMS 0x0000000701c00000, 0x0000000701c00000| Untracked 
|   3|0x0000000701e00000, 0x0000000701e00000, 0x0000000702000000|  0%| F|  |TAMS 0x0000000701e00000, 0x0000000701e00000| Untracked 
|   4|0x0000000702000000, 0x0000000702000000, 0x0000000702200000|  0%| F|  |TAMS 0x0000000702000000, 0x0000000702000000| Untracked 
|   5|0x0000000702200000, 0x0000000702200000, 0x0000000702400000|  0%| F|  |TAMS 0x0000000702200000, 0x0000000702200000| Untracked 
|   6|0x0000000702400000, 0x0000000702400000, 0x0000000702600000|  0%| F|  |TAMS 0x0000000702400000, 0x0000000702400000| Untracked 
|   7|0x0000000702600000, 0x0000000702600000, 0x0000000702800000|  0%| F|  |TAMS 0x0000000702600000, 0x0000000702600000| Untracked 
|   8|0x0000000702800000, 0x0000000702800000, 0x0000000702a00000|  0%| F|  |TAMS 0x0000000702800000, 0x0000000702800000| Untracked 
|   9|0x0000000702a00000, 0x0000000702a00000, 0x0000000702c00000|  0%| F|  |TAMS 0x0000000702a00000, 0x0000000702a00000| Untracked 
|  10|0x0000000702c00000, 0x0000000702c00000, 0x0000000702e00000|  0%| F|  |TAMS 0x0000000702c00000, 0x0000000702c00000| Untracked 
|  11|0x0000000702e00000, 0x0000000702e00000, 0x0000000703000000|  0%| F|  |TAMS 0x0000000702e00000, 0x0000000702e00000| Untracked 
|  12|0x0000000703000000, 0x0000000703000000, 0x0000000703200000|  0%| F|  |TAMS 0x0000000703000000, 0x0000000703000000| Untracked 
|  13|0x0000000703200000, 0x0000000703200000, 0x0000000703400000|  0%| F|  |TAMS 0x0000000703200000, 0x0000000703200000| Untracked 
|  14|0x0000000703400000, 0x0000000703400000, 0x0000000703600000|  0%| F|  |TAMS 0x0000000703400000, 0x0000000703400000| Untracked 
|  15|0x0000000703600000, 0x0000000703600000, 0x0000000703800000|  0%| F|  |TAMS 0x0000000703600000, 0x0000000703600000| Untracked 
|  16|0x0000000703800000, 0x0000000703800000, 0x0000000703a00000|  0%| F|  |TAMS 0x0000000703800000, 0x0000000703800000| Untracked 
|  17|0x0000000703a00000, 0x0000000703a00000, 0x0000000703c00000|  0%| F|  |TAMS 0x0000000703a00000, 0x0000000703a00000| Untracked 
|  18|0x0000000703c00000, 0x0000000703c00000, 0x0000000703e00000|  0%| F|  |TAMS 0x0000000703c00000, 0x0000000703c00000| Untracked 
|  19|0x0000000703e00000, 0x0000000703e00000, 0x0000000704000000|  0%| F|  |TAMS 0x0000000703e00000, 0x0000000703e00000| Untracked 
|  20|0x0000000704000000, 0x0000000704000000, 0x0000000704200000|  0%| F|  |TAMS 0x0000000704000000, 0x0000000704000000| Untracked 
|  21|0x0000000704200000, 0x0000000704200000, 0x0000000704400000|  0%| F|  |TAMS 0x0000000704200000, 0x0000000704200000| Untracked 
|  22|0x0000000704400000, 0x0000000704400000, 0x0000000704600000|  0%| F|  |TAMS 0x0000000704400000, 0x0000000704400000| Untracked 
|  23|0x0000000704600000, 0x0000000704600000, 0x0000000704800000|  0%| F|  |TAMS 0x0000000704600000, 0x0000000704600000| Untracked 
|  24|0x0000000704800000, 0x0000000704800000, 0x0000000704a00000|  0%| F|  |TAMS 0x0000000704800000, 0x0000000704800000| Untracked 
|  25|0x0000000704a00000, 0x0000000704a00000, 0x0000000704c00000|  0%| F|  |TAMS 0x0000000704a00000, 0x0000000704a00000| Untracked 
|  26|0x0000000704c00000, 0x0000000704c00000, 0x0000000704e00000|  0%| F|  |TAMS 0x0000000704c00000, 0x0000000704c00000| Untracked 
|  27|0x0000000704e00000, 0x0000000704e00000, 0x0000000705000000|  0%| F|  |TAMS 0x0000000704e00000, 0x0000000704e00000| Untracked 
|  28|0x0000000705000000, 0x0000000705000000, 0x0000000705200000|  0%| F|  |TAMS 0x0000000705000000, 0x0000000705000000| Untracked 
|  29|0x0000000705200000, 0x0000000705200000, 0x0000000705400000|  0%| F|  |TAMS 0x0000000705200000, 0x0000000705200000| Untracked 
|  30|0x0000000705400000, 0x0000000705400000, 0x0000000705600000|  0%| F|  |TAMS 0x0000000705400000, 0x0000000705400000| Untracked 
|  31|0x0000000705600000, 0x0000000705600000, 0x0000000705800000|  0%| F|  |TAMS 0x0000000705600000, 0x0000000705600000| Untracked 
|  32|0x0000000705800000, 0x0000000705800000, 0x0000000705a00000|  0%| F|  |TAMS 0x0000000705800000, 0x0000000705800000| Untracked 
|  33|0x0000000705a00000, 0x0000000705a00000, 0x0000000705c00000|  0%| F|  |TAMS 0x0000000705a00000, 0x0000000705a00000| Untracked 
|  34|0x0000000705c00000, 0x0000000705c00000, 0x0000000705e00000|  0%| F|  |TAMS 0x0000000705c00000, 0x0000000705c00000| Untracked 
|  35|0x0000000705e00000, 0x0000000705e00000, 0x0000000706000000|  0%| F|  |TAMS 0x0000000705e00000, 0x0000000705e00000| Untracked 
|  36|0x0000000706000000, 0x0000000706000000, 0x0000000706200000|  0%| F|  |TAMS 0x0000000706000000, 0x0000000706000000| Untracked 
|  37|0x0000000706200000, 0x0000000706200000, 0x0000000706400000|  0%| F|  |TAMS 0x0000000706200000, 0x0000000706200000| Untracked 
|  38|0x0000000706400000, 0x0000000706400000, 0x0000000706600000|  0%| F|  |TAMS 0x0000000706400000, 0x0000000706400000| Untracked 
|  39|0x0000000706600000, 0x0000000706600000, 0x0000000706800000|  0%| F|  |TAMS 0x0000000706600000, 0x0000000706600000| Untracked 
|  40|0x0000000706800000, 0x0000000706800000, 0x0000000706a00000|  0%| F|  |TAMS 0x0000000706800000, 0x0000000706800000| Untracked 
|  41|0x0000000706a00000, 0x0000000706a00000, 0x0000000706c00000|  0%| F|  |TAMS 0x0000000706a00000, 0x0000000706a00000| Untracked 
|  42|0x0000000706c00000, 0x0000000706c00000, 0x0000000706e00000|  0%| F|  |TAMS 0x0000000706c00000, 0x0000000706c00000| Untracked 
|  43|0x0000000706e00000, 0x0000000706e00000, 0x0000000707000000|  0%| F|  |TAMS 0x0000000706e00000, 0x0000000706e00000| Untracked 
|  44|0x0000000707000000, 0x0000000707000000, 0x0000000707200000|  0%| F|  |TAMS 0x0000000707000000, 0x0000000707000000| Untracked 
|  45|0x0000000707200000, 0x0000000707200000, 0x0000000707400000|  0%| F|  |TAMS 0x0000000707200000, 0x0000000707200000| Untracked 
|  46|0x0000000707400000, 0x0000000707400000, 0x0000000707600000|  0%| F|  |TAMS 0x0000000707400000, 0x0000000707400000| Untracked 
|  47|0x0000000707600000, 0x0000000707600000, 0x0000000707800000|  0%| F|  |TAMS 0x0000000707600000, 0x0000000707600000| Untracked 
|  48|0x0000000707800000, 0x0000000707800000, 0x0000000707a00000|  0%| F|  |TAMS 0x0000000707800000, 0x0000000707800000| Untracked 
|  49|0x0000000707a00000, 0x0000000707a00000, 0x0000000707c00000|  0%| F|  |TAMS 0x0000000707a00000, 0x0000000707a00000| Untracked 
|  50|0x0000000707c00000, 0x0000000707c00000, 0x0000000707e00000|  0%| F|  |TAMS 0x0000000707c00000, 0x0000000707c00000| Untracked 
|  51|0x0000000707e00000, 0x0000000707e00000, 0x0000000708000000|  0%| F|  |TAMS 0x0000000707e00000, 0x0000000707e00000| Untracked 
|  52|0x0000000708000000, 0x0000000708000000, 0x0000000708200000|  0%| F|  |TAMS 0x0000000708000000, 0x0000000708000000| Untracked 
|  53|0x0000000708200000, 0x0000000708200000, 0x0000000708400000|  0%| F|  |TAMS 0x0000000708200000, 0x0000000708200000| Untracked 
|  54|0x0000000708400000, 0x0000000708400000, 0x0000000708600000|  0%| F|  |TAMS 0x0000000708400000, 0x0000000708400000| Untracked 
|  55|0x0000000708600000, 0x0000000708600000, 0x0000000708800000|  0%| F|  |TAMS 0x0000000708600000, 0x0000000708600000| Untracked 
|  56|0x0000000708800000, 0x0000000708800000, 0x0000000708a00000|  0%| F|  |TAMS 0x0000000708800000, 0x0000000708800000| Untracked 
|  57|0x0000000708a00000, 0x0000000708a00000, 0x0000000708c00000|  0%| F|  |TAMS 0x0000000708a00000, 0x0000000708a00000| Untracked 
|  58|0x0000000708c00000, 0x0000000708c00000, 0x0000000708e00000|  0%| F|  |TAMS 0x0000000708c00000, 0x0000000708c00000| Untracked 
|  59|0x0000000708e00000, 0x0000000708e00000, 0x0000000709000000|  0%| F|  |TAMS 0x0000000708e00000, 0x0000000708e00000| Untracked 
|  60|0x0000000709000000, 0x0000000709000000, 0x0000000709200000|  0%| F|  |TAMS 0x0000000709000000, 0x0000000709000000| Untracked 
|  61|0x0000000709200000, 0x0000000709200000, 0x0000000709400000|  0%| F|  |TAMS 0x0000000709200000, 0x0000000709200000| Untracked 
|  62|0x0000000709400000, 0x0000000709400000, 0x0000000709600000|  0%| F|  |TAMS 0x0000000709400000, 0x0000000709400000| Untracked 
|  63|0x0000000709600000, 0x0000000709600000, 0x0000000709800000|  0%| F|  |TAMS 0x0000000709600000, 0x0000000709600000| Untracked 
|  64|0x0000000709800000, 0x0000000709800000, 0x0000000709a00000|  0%| F|  |TAMS 0x0000000709800000, 0x0000000709800000| Untracked 
|  65|0x0000000709a00000, 0x0000000709a00000, 0x0000000709c00000|  0%| F|  |TAMS 0x0000000709a00000, 0x0000000709a00000| Untracked 
|  66|0x0000000709c00000, 0x0000000709c00000, 0x0000000709e00000|  0%| F|  |TAMS 0x0000000709c00000, 0x0000000709c00000| Untracked 
|  67|0x0000000709e00000, 0x0000000709e00000, 0x000000070a000000|  0%| F|  |TAMS 0x0000000709e00000, 0x0000000709e00000| Untracked 
|  68|0x000000070a000000, 0x000000070a000000, 0x000000070a200000|  0%| F|  |TAMS 0x000000070a000000, 0x000000070a000000| Untracked 
|  69|0x000000070a200000, 0x000000070a200000, 0x000000070a400000|  0%| F|  |TAMS 0x000000070a200000, 0x000000070a200000| Untracked 
|  70|0x000000070a400000, 0x000000070a400000, 0x000000070a600000|  0%| F|  |TAMS 0x000000070a400000, 0x000000070a400000| Untracked 
|  71|0x000000070a600000, 0x000000070a600000, 0x000000070a800000|  0%| F|  |TAMS 0x000000070a600000, 0x000000070a600000| Untracked 
|  72|0x000000070a800000, 0x000000070a800000, 0x000000070aa00000|  0%| F|  |TAMS 0x000000070a800000, 0x000000070a800000| Untracked 
|  73|0x000000070aa00000, 0x000000070aa00000, 0x000000070ac00000|  0%| F|  |TAMS 0x000000070aa00000, 0x000000070aa00000| Untracked 
|  74|0x000000070ac00000, 0x000000070ac00000, 0x000000070ae00000|  0%| F|  |TAMS 0x000000070ac00000, 0x000000070ac00000| Untracked 
|  75|0x000000070ae00000, 0x000000070ae00000, 0x000000070b000000|  0%| F|  |TAMS 0x000000070ae00000, 0x000000070ae00000| Untracked 
|  76|0x000000070b000000, 0x000000070b000000, 0x000000070b200000|  0%| F|  |TAMS 0x000000070b000000, 0x000000070b000000| Untracked 
|  77|0x000000070b200000, 0x000000070b200000, 0x000000070b400000|  0%| F|  |TAMS 0x000000070b200000, 0x000000070b200000| Untracked 
|  78|0x000000070b400000, 0x000000070b400000, 0x000000070b600000|  0%| F|  |TAMS 0x000000070b400000, 0x000000070b400000| Untracked 
|  79|0x000000070b600000, 0x000000070b600000, 0x000000070b800000|  0%| F|  |TAMS 0x000000070b600000, 0x000000070b600000| Untracked 
|  80|0x000000070b800000, 0x000000070b800000, 0x000000070ba00000|  0%| F|  |TAMS 0x000000070b800000, 0x000000070b800000| Untracked 
|  81|0x000000070ba00000, 0x000000070ba00000, 0x000000070bc00000|  0%| F|  |TAMS 0x000000070ba00000, 0x000000070ba00000| Untracked 
|  82|0x000000070bc00000, 0x000000070bc00000, 0x000000070be00000|  0%| F|  |TAMS 0x000000070bc00000, 0x000000070bc00000| Untracked 
|  83|0x000000070be00000, 0x000000070be00000, 0x000000070c000000|  0%| F|  |TAMS 0x000000070be00000, 0x000000070be00000| Untracked 
|  84|0x000000070c000000, 0x000000070c000000, 0x000000070c200000|  0%| F|  |TAMS 0x000000070c000000, 0x000000070c000000| Untracked 
|  85|0x000000070c200000, 0x000000070c200000, 0x000000070c400000|  0%| F|  |TAMS 0x000000070c200000, 0x000000070c200000| Untracked 
|  86|0x000000070c400000, 0x000000070c400000, 0x000000070c600000|  0%| F|  |TAMS 0x000000070c400000, 0x000000070c400000| Untracked 
|  87|0x000000070c600000, 0x000000070c600000, 0x000000070c800000|  0%| F|  |TAMS 0x000000070c600000, 0x000000070c600000| Untracked 
|  88|0x000000070c800000, 0x000000070c800000, 0x000000070ca00000|  0%| F|  |TAMS 0x000000070c800000, 0x000000070c800000| Untracked 
|  89|0x000000070ca00000, 0x000000070ca00000, 0x000000070cc00000|  0%| F|  |TAMS 0x000000070ca00000, 0x000000070ca00000| Untracked 
|  90|0x000000070cc00000, 0x000000070cc00000, 0x000000070ce00000|  0%| F|  |TAMS 0x000000070cc00000, 0x000000070cc00000| Untracked 
|  91|0x000000070ce00000, 0x000000070ce00000, 0x000000070d000000|  0%| F|  |TAMS 0x000000070ce00000, 0x000000070ce00000| Untracked 
|  92|0x000000070d000000, 0x000000070d000000, 0x000000070d200000|  0%| F|  |TAMS 0x000000070d000000, 0x000000070d000000| Untracked 
|  93|0x000000070d200000, 0x000000070d200000, 0x000000070d400000|  0%| F|  |TAMS 0x000000070d200000, 0x000000070d200000| Untracked 
|  94|0x000000070d400000, 0x000000070d400000, 0x000000070d600000|  0%| F|  |TAMS 0x000000070d400000, 0x000000070d400000| Untracked 
|  95|0x000000070d600000, 0x000000070d600000, 0x000000070d800000|  0%| F|  |TAMS 0x000000070d600000, 0x000000070d600000| Untracked 
|  96|0x000000070d800000, 0x000000070d800000, 0x000000070da00000|  0%| F|  |TAMS 0x000000070d800000, 0x000000070d800000| Untracked 
|  97|0x000000070da00000, 0x000000070da00000, 0x000000070dc00000|  0%| F|  |TAMS 0x000000070da00000, 0x000000070da00000| Untracked 
|  98|0x000000070dc00000, 0x000000070dc00000, 0x000000070de00000|  0%| F|  |TAMS 0x000000070dc00000, 0x000000070dc00000| Untracked 
|  99|0x000000070de00000, 0x000000070de00000, 0x000000070e000000|  0%| F|  |TAMS 0x000000070de00000, 0x000000070de00000| Untracked 
| 100|0x000000070e000000, 0x000000070e000000, 0x000000070e200000|  0%| F|  |TAMS 0x000000070e000000, 0x000000070e000000| Untracked 
| 101|0x000000070e200000, 0x000000070e200000, 0x000000070e400000|  0%| F|  |TAMS 0x000000070e200000, 0x000000070e200000| Untracked 
| 102|0x000000070e400000, 0x000000070e400000, 0x000000070e600000|  0%| F|  |TAMS 0x000000070e400000, 0x000000070e400000| Untracked 
| 103|0x000000070e600000, 0x000000070e600000, 0x000000070e800000|  0%| F|  |TAMS 0x000000070e600000, 0x000000070e600000| Untracked 
| 104|0x000000070e800000, 0x000000070e800000, 0x000000070ea00000|  0%| F|  |TAMS 0x000000070e800000, 0x000000070e800000| Untracked 
| 105|0x000000070ea00000, 0x000000070ea00000, 0x000000070ec00000|  0%| F|  |TAMS 0x000000070ea00000, 0x000000070ea00000| Untracked 
| 106|0x000000070ec00000, 0x000000070ec00000, 0x000000070ee00000|  0%| F|  |TAMS 0x000000070ec00000, 0x000000070ec00000| Untracked 
| 107|0x000000070ee00000, 0x000000070ee00000, 0x000000070f000000|  0%| F|  |TAMS 0x000000070ee00000, 0x000000070ee00000| Untracked 
| 108|0x000000070f000000, 0x000000070f000000, 0x000000070f200000|  0%| F|  |TAMS 0x000000070f000000, 0x000000070f000000| Untracked 
| 109|0x000000070f200000, 0x000000070f200000, 0x000000070f400000|  0%| F|  |TAMS 0x000000070f200000, 0x000000070f200000| Untracked 
| 110|0x000000070f400000, 0x000000070f400000, 0x000000070f600000|  0%| F|  |TAMS 0x000000070f400000, 0x000000070f400000| Untracked 
| 111|0x000000070f600000, 0x000000070f600000, 0x000000070f800000|  0%| F|  |TAMS 0x000000070f600000, 0x000000070f600000| Untracked 
| 112|0x000000070f800000, 0x000000070f800000, 0x000000070fa00000|  0%| F|  |TAMS 0x000000070f800000, 0x000000070f800000| Untracked 
| 113|0x000000070fa00000, 0x000000070fa00000, 0x000000070fc00000|  0%| F|  |TAMS 0x000000070fa00000, 0x000000070fa00000| Untracked 
| 114|0x000000070fc00000, 0x000000070fc00000, 0x000000070fe00000|  0%| F|  |TAMS 0x000000070fc00000, 0x000000070fc00000| Untracked 
| 115|0x000000070fe00000, 0x000000070fe00000, 0x0000000710000000|  0%| F|  |TAMS 0x000000070fe00000, 0x000000070fe00000| Untracked 
| 116|0x0000000710000000, 0x0000000710000000, 0x0000000710200000|  0%| F|  |TAMS 0x0000000710000000, 0x0000000710000000| Untracked 
| 117|0x0000000710200000, 0x0000000710200000, 0x0000000710400000|  0%| F|  |TAMS 0x0000000710200000, 0x0000000710200000| Untracked 
| 118|0x0000000710400000, 0x0000000710400000, 0x0000000710600000|  0%| F|  |TAMS 0x0000000710400000, 0x0000000710400000| Untracked 
| 119|0x0000000710600000, 0x0000000710600000, 0x0000000710800000|  0%| F|  |TAMS 0x0000000710600000, 0x0000000710600000| Untracked 
| 120|0x0000000710800000, 0x0000000710800000, 0x0000000710a00000|  0%| F|  |TAMS 0x0000000710800000, 0x0000000710800000| Untracked 
| 121|0x0000000710a00000, 0x0000000710a00000, 0x0000000710c00000|  0%| F|  |TAMS 0x0000000710a00000, 0x0000000710a00000| Untracked 
| 122|0x0000000710c00000, 0x0000000710c00000, 0x0000000710e00000|  0%| F|  |TAMS 0x0000000710c00000, 0x0000000710c00000| Untracked 
| 123|0x0000000710e00000, 0x0000000710e00000, 0x0000000711000000|  0%| F|  |TAMS 0x0000000710e00000, 0x0000000710e00000| Untracked 
| 124|0x0000000711000000, 0x0000000711000000, 0x0000000711200000|  0%| F|  |TAMS 0x0000000711000000, 0x0000000711000000| Untracked 
| 125|0x0000000711200000, 0x0000000711353470, 0x0000000711400000| 66%| E|  |TAMS 0x0000000711200000, 0x0000000711200000| Complete 
| 126|0x0000000711400000, 0x0000000711600000, 0x0000000711600000|100%| E|CS|TAMS 0x0000000711400000, 0x0000000711400000| Complete 
| 127|0x0000000711600000, 0x0000000711800000, 0x0000000711800000|100%| E|CS|TAMS 0x0000000711600000, 0x0000000711600000| Complete 

Card table byte_map: [0x000001fbf9dd0000,0x000001fbfa5d0000] _byte_map_base: 0x000001fbf65c4000

Marking Bits (Prev, Next): (CMBitMap*) 0x000001fbf56b9940, (CMBitMap*) 0x000001fbf56b9980
 Prev Bits: [0x000001fbfadd0000, 0x000001fbfed70000)
 Next Bits: [0x000001fb8f000000, 0x000001fb92fa0000)

Polling page: 0x000001fbf35b0000

Metaspace:

Usage:
  Non-class:      8.35 MB capacity,     8.29 MB (>99%) used,    58.19 KB ( <1%) free+waste,     5.44 KB ( <1%) overhead. 
      Class:    821.00 KB capacity,   789.58 KB ( 96%) used,    29.73 KB (  4%) free+waste,     1.69 KB ( <1%) overhead. 
       Both:      9.15 MB capacity,     9.06 MB ( 99%) used,    87.92 KB ( <1%) free+waste,     7.12 KB ( <1%) overhead. 

Virtual space:
  Non-class space:       10.00 MB reserved,       8.50 MB ( 85%) committed 
      Class space:        1.00 GB reserved,     896.00 KB ( <1%) committed 
             Both:        1.01 GB reserved,       9.38 MB ( <1%) committed 

Chunk freelists:
   Non-Class:  23.00 KB
       Class:  11.00 KB
        Both:  34.00 KB

MaxMetaspaceSize: 17179869184.00 GB
CompressedClassSpaceSize: 1.00 GB

CodeHeap 'non-profiled nmethods': size=120000Kb used=125Kb max_used=125Kb free=119874Kb
 bounds [0x000001fb87ad0000, 0x000001fb87d40000, 0x000001fb8f000000]
CodeHeap 'profiled nmethods': size=120000Kb used=546Kb max_used=546Kb free=119453Kb
 bounds [0x000001fb805a0000, 0x000001fb80810000, 0x000001fb87ad0000]
CodeHeap 'non-nmethods': size=5760Kb used=1224Kb max_used=1242Kb free=4535Kb
 bounds [0x000001fb80000000, 0x000001fb80270000, 0x000001fb805a0000]
 total_blobs=798 nmethods=412 adapters=299
 compilation: enabled
              stopped_count=0, restarted_count=0
 full_count=0

Compilation events (20 events):
Event: 0.433 Thread 0x000001fbffacb080  404       3       java.lang.StringConcatHelper::stringOf (20 bytes)
Event: 0.433 Thread 0x000001fbffacb080 nmethod 404 0x000001fb80625e10 code [0x000001fb80625fc0, 0x000001fb80626208]
Event: 0.433 Thread 0x000001fbffacb080  405       3       java.lang.StringConcatHelper::mix (27 bytes)
Event: 0.433 Thread 0x000001fbffacb080 nmethod 405 0x000001fb80626310 code [0x000001fb80626500, 0x000001fb80626928]
Event: 0.433 Thread 0x000001fbffacb080  406       3       java.lang.reflect.Modifier::isProtected (12 bytes)
Event: 0.434 Thread 0x000001fbffacb080 nmethod 406 0x000001fb80626b10 code [0x000001fb80626ca0, 0x000001fb80626dd8]
Event: 0.434 Thread 0x000001fbffacb080  407       3       java.lang.Character::toLowerCase (9 bytes)
Event: 0.435 Thread 0x000001fbffacb080 nmethod 407 0x000001fb80626e90 code [0x000001fb80627040, 0x000001fb80627218]
Event: 0.438 Thread 0x000001fbffacb080  408 %     3       p11_package.TestClass::decodeCharacter @ 16 (61 bytes)
Event: 0.439 Thread 0x000001fbffacb080 nmethod 408% 0x000001fb80627310 code [0x000001fb806274c0, 0x000001fb806277d8]
Event: 0.439 Thread 0x000001fbffacb080  409       3       p11_package.TestClass::decodeCharacter (61 bytes)
Event: 0.439 Thread 0x000001fbffacb080 nmethod 409 0x000001fb80627910 code [0x000001fb80627ac0, 0x000001fb80627c98]
Event: 0.440 Thread 0x000001fbffe1e960  410 %     4       p11_package.TestClass::decodeCharacter @ 16 (61 bytes)
Event: 0.440 Thread 0x000001fbffe1e960 nmethod 410% 0x000001fb87aef310 code [0x000001fb87aef4a0, 0x000001fb87aef5b8]
Event: 7.815 Thread 0x000001fbffacb080  411       3       java.lang.String::<init> (74 bytes)
Event: 7.815 Thread 0x000001fbffacb080 nmethod 411 0x000001fb80627e10 code [0x000001fb80627fe0, 0x000001fb806283d8]
Event: 7.815 Thread 0x000001fbffacb080  412       3       java.lang.StringUTF16::compress (20 bytes)
Event: 7.818 Thread 0x000001fbffacb080 

Event: 92.236 Thread 0x000001fbffacb080  413       3       org.eclipse.jdt.launching.internal.org.objectweb.asm.ClassReader::readUnsignedShort (26 bytes)
Event: 92.236 Thread 0x000001fbffacb080 nmethod 413 0x000001fb80628510 code [0x000001fb806286a0, 0x000001fb80628818]

GC Heap History (0 events):
No events

Deoptimization events (20 events):
Event: 0.439 Thread 0x000001fbf351e430 DEOPT PACKING pc=0x000001fb80627752 sp=0x0000001a48eff120
Event: 0.439 Thread 0x000001fbf351e430 DEOPT UNPACKING pc=0x000001fb8004e23f sp=0x0000001a48efe5d0 mode 0
Event: 0.439 Thread 0x000001fbf351e430 DEOPT PACKING pc=0x000001fb80627752 sp=0x0000001a48eff120
Event: 0.439 Thread 0x000001fbf351e430 DEOPT UNPACKING pc=0x000001fb8004e23f sp=0x0000001a48efe5d0 mode 0
Event: 0.439 Thread 0x000001fbf351e430 DEOPT PACKING pc=0x000001fb80627752 sp=0x0000001a48eff120
Event: 0.439 Thread 0x000001fbf351e430 DEOPT UNPACKING pc=0x000001fb8004e23f sp=0x0000001a48efe5d0 mode 0
Event: 0.439 Thread 0x000001fbf351e430 DEOPT PACKING pc=0x000001fb80627752 sp=0x0000001a48eff120
Event: 0.439 Thread 0x000001fbf351e430 DEOPT UNPACKING pc=0x000001fb8004e23f sp=0x0000001a48efe5d0 mode 0
Event: 0.440 Thread 0x000001fbf351e430 DEOPT PACKING pc=0x000001fb80627752 sp=0x0000001a48eff120
Event: 0.440 Thread 0x000001fbf351e430 DEOPT UNPACKING pc=0x000001fb8004e23f sp=0x0000001a48efe5d0 mode 0
Event: 0.440 Thread 0x000001fbf351e430 DEOPT PACKING pc=0x000001fb80627752 sp=0x0000001a48eff120
Event: 0.440 Thread 0x000001fbf351e430 DEOPT UNPACKING pc=0x000001fb8004e23f sp=0x0000001a48efe5d0 mode 0
Event: 0.440 Thread 0x000001fbf351e430 DEOPT PACKING pc=0x000001fb80627752 sp=0x0000001a48eff120
Event: 0.440 Thread 0x000001fbf351e430 DEOPT UNPACKING pc=0x000001fb8004e23f sp=0x0000001a48efe5d0 mode 0
Event: 0.440 Thread 0x000001fbf351e430 DEOPT PACKING pc=0x000001fb80627752 sp=0x0000001a48eff120
Event: 0.440 Thread 0x000001fbf351e430 DEOPT UNPACKING pc=0x000001fb8004e23f sp=0x0000001a48efe5d0 mode 0
Event: 0.440 Thread 0x000001fbf351e430 DEOPT PACKING pc=0x000001fb80627752 sp=0x0000001a48eff120
Event: 0.440 Thread 0x000001fbf351e430 DEOPT UNPACKING pc=0x000001fb8004e23f sp=0x0000001a48efe5d0 mode 0
Event: 7.818 Thread 0x000001fbf351e430 DEOPT PACKING pc=0x000001fb87aef55f sp=0x0000001a48eff170
Event: 7.818 Thread 0x000001fbf351e430 DEOPT UNPACKING pc=0x000001fb8004e23f sp=0x0000001a48efe5d0 mode 0

Classes unloaded (0 events):
No events

Classes redefined (2 events):
Event: 7.816 Thread 0x000001fbffa68f70 redefined class name=p11_package.TestClass, count=1
Event: 92.236 Thread 0x000001fbffa68f70 redefined class name=p11_package.TestClass, count=2

Internal exceptions (3 events):
Event: 0.325 Thread 0x000001fbf351e430 Exception <a 'java/lang/NoSuchMethodError'{0x0000000711448288}: 'void java.lang.invoke.DirectMethodHandle$Holder.invokeStatic(java.lang.Object, java.lang.Object)'> (0x0000000711448288) 
thrown [./open/src/hotspot/share/interpreter/linkResolver.cpp, line 782]
Event: 0.326 Thread 0x000001fbf351e430 Exception <a 'java/lang/NoSuchMethodError'{0x000000071144bf30}: 'void java.lang.invoke.DirectMethodHandle$Holder.invokeStaticInit(java.lang.Object, java.lang.Object)'> (0x000000071144bf30) 
thrown [./open/src/hotspot/share/interpreter/linkResolver.cpp, line 782]
Event: 0.399 Thread 0x000001fbf351e430 Exception <a 'java/lang/NoSuchMethodError'{0x000000071122cc00}: 'java.lang.Object java.lang.invoke.DirectMethodHandle$Holder.invokeStatic(java.lang.Object)'> (0x000000071122cc00) 
thrown [./open/src/hotspot/share/interpreter/linkResolver.cpp, line 782]

Events (20 events):
Event: 0.417 loading class jdk/internal/reflect/ClassDefiner$1 done
Event: 0.417 loading class jdk/internal/reflect/BootstrapConstructorAccessorImpl
Event: 0.417 loading class jdk/internal/reflect/BootstrapConstructorAccessorImpl done
Event: 0.424 loading class java/lang/IndexOutOfBoundsException
Event: 0.424 loading class java/lang/IndexOutOfBoundsException done
Event: 0.435 loading class java/lang/IllegalStateException
Event: 0.435 loading class java/lang/IllegalStateException done
Event: 5.444 Thread 0x000001fbffe1e960 Thread exited: 0x000001fbffe1e960
Event: 7.815 Executing VM operation: RedefineClasses
Event: 7.818 Executing VM operation: RedefineClasses done
Event: 33.066 Executing VM operation: ChangeBreakpoints
Event: 33.066 Executing VM operation: ChangeBreakpoints done
Event: 92.236 Executing VM operation: RedefineClasses
Event: 92.238 Executing VM operation: RedefineClasses done
Event: 92.248 Executing VM operation: ChangeBreakpoints
Event: 92.249 Executing VM operation: ChangeBreakpoints done
Event: 108.329 Executing VM operation: ChangeBreakpoints
Event: 108.329 Executing VM operation: ChangeBreakpoints done
Event: 108.330 Executing VM operation: ChangeBreakpoints
Event: 108.330 Executing VM operation: ChangeBreakpoints done


Dynamic libraries:
0x00007ff7fa0c0000 - 0x00007ff7fa0cd000 	C:\Program Files (x86)\eclipse\plugins\org.eclipse.justj.openjdk.hotspot.jre.full.win32.x86_64_15.0.1.v20201027-0507\jre\bin\javaw.exe
0x00007ffbf5330000 - 0x00007ffbf5525000 	C:\WINDOWS\SYSTEM32\ntdll.dll
0x00007ffbf3b00000 - 0x00007ffbf3bbd000 	C:\WINDOWS\System32\KERNEL32.DLL
0x00007ffbf2c50000 - 0x00007ffbf2f18000 	C:\WINDOWS\System32\KERNELBASE.dll
0x00007ffbf2b20000 - 0x00007ffbf2c20000 	C:\WINDOWS\System32\ucrtbase.dll
0x00007ffbd7870000 - 0x00007ffbd7888000 	C:\Program Files (x86)\eclipse\plugins\org.eclipse.justj.openjdk.hotspot.jre.full.win32.x86_64_15.0.1.v20201027-0507\jre\bin\jli.dll
0x00007ffbd7890000 - 0x00007ffbd78a9000 	C:\Program Files (x86)\eclipse\plugins\org.eclipse.justj.openjdk.hotspot.jre.full.win32.x86_64_15.0.1.v20201027-0507\jre\bin\VCRUNTIME140.dll
0x00007ffbf4500000 - 0x00007ffbf46a0000 	C:\WINDOWS\System32\USER32.dll
0x00007ffbf3290000 - 0x00007ffbf32b2000 	C:\WINDOWS\System32\win32u.dll
0x00007ffbd2b20000 - 0x00007ffbd2dba000 	C:\WINDOWS\WinSxS\amd64_microsoft.windows.common-controls_6595b64144ccf1df_6.0.19041.844_none_ca00b6081b84eb1d\COMCTL32.dll
0x00007ffbf3390000 - 0x00007ffbf33ba000 	C:\WINDOWS\System32\GDI32.dll
0x00007ffbf3710000 - 0x00007ffbf37ae000 	C:\WINDOWS\System32\msvcrt.dll
0x00007ffbf3020000 - 0x00007ffbf312b000 	C:\WINDOWS\System32\gdi32full.dll
0x00007ffbf2f80000 - 0x00007ffbf301d000 	C:\WINDOWS\System32\msvcp_win.dll
0x00007ffbf4430000 - 0x00007ffbf4460000 	C:\WINDOWS\System32\IMM32.DLL
0x00007ffbec4c0000 - 0x00007ffbec4cc000 	C:\Program Files (x86)\eclipse\plugins\org.eclipse.justj.openjdk.hotspot.jre.full.win32.x86_64_15.0.1.v20201027-0507\jre\bin\vcruntime140_1.dll
0x00007ffbc5ed0000 - 0x00007ffbc5f61000 	C:\Program Files (x86)\eclipse\plugins\org.eclipse.justj.openjdk.hotspot.jre.full.win32.x86_64_15.0.1.v20201027-0507\jre\bin\msvcp140.dll
0x00007ffb902b0000 - 0x00007ffb90e0e000 	C:\Program Files (x86)\eclipse\plugins\org.eclipse.justj.openjdk.hotspot.jre.full.win32.x86_64_15.0.1.v20201027-0507\jre\bin\server\jvm.dll
0x00007ffbf4260000 - 0x00007ffbf430c000 	C:\WINDOWS\System32\ADVAPI32.dll
0x00007ffbf4460000 - 0x00007ffbf44fb000 	C:\WINDOWS\System32\sechost.dll
0x00007ffbf3bc0000 - 0x00007ffbf3ceb000 	C:\WINDOWS\System32\RPCRT4.dll
0x00007ffbf4b90000 - 0x00007ffbf4b98000 	C:\WINDOWS\System32\PSAPI.DLL
0x00007ffbeccf0000 - 0x00007ffbeccfa000 	C:\WINDOWS\SYSTEM32\VERSION.dll
0x00007ffbd7730000 - 0x00007ffbd7739000 	C:\WINDOWS\SYSTEM32\WSOCK32.dll
0x00007ffbdd300000 - 0x00007ffbdd327000 	C:\WINDOWS\SYSTEM32\WINMM.dll
0x00007ffbf41f0000 - 0x00007ffbf425b000 	C:\WINDOWS\System32\WS2_32.dll
0x00007ffbf1300000 - 0x00007ffbf1312000 	C:\WINDOWS\SYSTEM32\kernel.appcore.dll
0x00007ffbedda0000 - 0x00007ffbeddaa000 	C:\Program Files (x86)\eclipse\plugins\org.eclipse.justj.openjdk.hotspot.jre.full.win32.x86_64_15.0.1.v20201027-0507\jre\bin\jimage.dll
0x00007ffbf1030000 - 0x00007ffbf1214000 	C:\WINDOWS\SYSTEM32\DBGHELP.DLL
0x00007ffbe10a0000 - 0x00007ffbe10cc000 	C:\WINDOWS\SYSTEM32\dbgcore.DLL
0x00007ffbf3310000 - 0x00007ffbf3390000 	C:\WINDOWS\System32\bcryptPrimitives.dll
0x00007ffbc5e90000 - 0x00007ffbc5ec9000 	C:\Program Files (x86)\eclipse\plugins\org.eclipse.justj.openjdk.hotspot.jre.full.win32.x86_64_15.0.1.v20201027-0507\jre\bin\jdwp.dll
0x00007ffbec2c0000 - 0x00007ffbec2ce000 	C:\Program Files (x86)\eclipse\plugins\org.eclipse.justj.openjdk.hotspot.jre.full.win32.x86_64_15.0.1.v20201027-0507\jre\bin\instrument.dll
0x00007ffbd7b10000 - 0x00007ffbd7b35000 	C:\Program Files (x86)\eclipse\plugins\org.eclipse.justj.openjdk.hotspot.jre.full.win32.x86_64_15.0.1.v20201027-0507\jre\bin\java.dll
0x00007ffbe25f0000 - 0x00007ffbe2608000 	C:\Program Files (x86)\eclipse\plugins\org.eclipse.justj.openjdk.hotspot.jre.full.win32.x86_64_15.0.1.v20201027-0507\jre\bin\zip.dll
0x00007ffbf4ba0000 - 0x00007ffbf52e2000 	C:\WINDOWS\System32\SHELL32.dll
0x00007ffbf07c0000 - 0x00007ffbf0f51000 	C:\WINDOWS\SYSTEM32\windows.storage.dll
0x00007ffbf4830000 - 0x00007ffbf4b85000 	C:\WINDOWS\System32\combase.dll
0x00007ffbf24e0000 - 0x00007ffbf250c000 	C:\WINDOWS\SYSTEM32\Wldp.dll
0x00007ffbf3890000 - 0x00007ffbf393e000 	C:\WINDOWS\System32\SHCORE.dll
0x00007ffbf3aa0000 - 0x00007ffbf3af5000 	C:\WINDOWS\System32\shlwapi.dll
0x00007ffbf29b0000 - 0x00007ffbf29cf000 	C:\WINDOWS\SYSTEM32\profapi.dll
0x00007ffbeaa80000 - 0x00007ffbeaa8b000 	C:\Program Files (x86)\eclipse\plugins\org.eclipse.justj.openjdk.hotspot.jre.full.win32.x86_64_15.0.1.v20201027-0507\jre\bin\dt_socket.dll
0x00007ffbf1ec0000 - 0x00007ffbf1efb000 	C:\WINDOWS\SYSTEM32\IPHLPAPI.DLL
0x00007ffbf2210000 - 0x00007ffbf227a000 	C:\WINDOWS\system32\mswsock.dll
0x00007ffbf1f10000 - 0x00007ffbf1fdc000 	C:\WINDOWS\SYSTEM32\DNSAPI.dll
0x00007ffbf3a10000 - 0x00007ffbf3a18000 	C:\WINDOWS\System32\NSI.dll
0x00007ffbe2240000 - 0x00007ffbe224a000 	C:\Windows\System32\rasadhlp.dll
0x00007ffbe3390000 - 0x00007ffbe340f000 	C:\WINDOWS\System32\fwpuclnt.dll
0x00007ffbf2c20000 - 0x00007ffbf2c47000 	C:\WINDOWS\System32\bcrypt.dll
0x00007ffbdf830000 - 0x00007ffbdf849000 	C:\Program Files (x86)\eclipse\plugins\org.eclipse.justj.openjdk.hotspot.jre.full.win32.x86_64_15.0.1.v20201027-0507\jre\bin\net.dll
0x00007ffbeb820000 - 0x00007ffbeb92b000 	C:\WINDOWS\SYSTEM32\WINHTTP.dll
0x00007ffbdf200000 - 0x00007ffbdf212000 	C:\Program Files (x86)\eclipse\plugins\org.eclipse.justj.openjdk.hotspot.jre.full.win32.x86_64_15.0.1.v20201027-0507\jre\bin\nio.dll
0x00007ffbecc30000 - 0x00007ffbecc40000 	C:\Program Files (x86)\eclipse\plugins\org.eclipse.justj.openjdk.hotspot.jre.full.win32.x86_64_15.0.1.v20201027-0507\jre\bin\verify.dll

dbghelp: loaded successfully - version: 4.0.5 - missing functions: none
symbol engine: initialized successfully - sym options: 0x614 - pdb path: .;C:\Program Files (x86)\eclipse\plugins\org.eclipse.justj.openjdk.hotspot.jre.full.win32.x86_64_15.0.1.v20201027-0507\jre\bin;C:\WINDOWS\SYSTEM32;C:\WINDOWS\WinSxS\amd64_microsoft.windows.common-controls_6595b64144ccf1df_6.0.19041.844_none_ca00b6081b84eb1d;C:\Program Files (x86)\eclipse\plugins\org.eclipse.justj.openjdk.hotspot.jre.full.win32.x86_64_15.0.1.v20201027-0507\jre\bin\server

VM Arguments:
jvm_args: -XX:+ShowCodeDetailsInExceptionMessages -agentlib:jdwp=transport=dt_socket,suspend=y,address=localhost:50956 -javaagent:C:\Program Files (x86)\eclipse\configuration\org.eclipse.osgi\220\0\.cp\lib\javaagent-shaded.jar -Dfile.encoding=Cp1252 
java_command: p11_package.TestClass
java_class_path (initial): C:\Users\thelu\Documents\Luke's Personal Docs\Code\Project_11\bin
Launcher Type: SUN_STANDARD

[Global flags]
     intx CICompilerCount                          = 4                                         {product} {ergonomic}
     uint ConcGCThreads                            = 3                                         {product} {ergonomic}
     uint G1ConcRefinementThreads                  = 10                                        {product} {ergonomic}
   size_t G1HeapRegionSize                         = 2097152                                   {product} {ergonomic}
    uintx GCDrainStackTargetSize                   = 64                                        {product} {ergonomic}
   size_t InitialHeapSize                          = 268435456                                 {product} {ergonomic}
   size_t MarkStackSize                            = 4194304                                   {product} {ergonomic}
   size_t MaxHeapSize                              = 4269801472                                {product} {ergonomic}
   size_t MaxNewSize                               = 2560622592                                {product} {ergonomic}
   size_t MinHeapDeltaBytes                        = 2097152                                   {product} {ergonomic}
   size_t MinHeapSize                              = 8388608                                   {product} {ergonomic}
    uintx NonNMethodCodeHeapSize                   = 5839372                                {pd product} {ergonomic}
    uintx NonProfiledCodeHeapSize                  = 122909434                              {pd product} {ergonomic}
    uintx ProfiledCodeHeapSize                     = 122909434                              {pd product} {ergonomic}
    uintx ReservedCodeCacheSize                    = 251658240                              {pd product} {ergonomic}
     bool SegmentedCodeCache                       = true                                      {product} {ergonomic}
     bool ShowCodeDetailsInExceptionMessages       = true                                   {manageable} {command line}
   size_t SoftMaxHeapSize                          = 4269801472                             {manageable} {ergonomic}
     bool UseCompressedClassPointers               = true                                 {lp64_product} {ergonomic}
     bool UseCompressedOops                        = true                                 {lp64_product} {ergonomic}
     bool UseG1GC                                  = true                                      {product} {ergonomic}
     bool UseLargePagesIndividualAllocation        = false                                  {pd product} {ergonomic}

Logging:
Log output configuration:
 #0: stdout all=warning uptime,level,tags
 #1: stderr all=off uptime,level,tags

Environment Variables:
PATH=C:\Program Files (x86)\eclipse\plugins\org.eclipse.justj.openjdk.hotspot.jre.full.win32.x86_64_15.0.1.v20201027-0507\jre\bin;C:/Program Files (x86)/eclipse//plugins/org.eclipse.justj.openjdk.hotspot.jre.full.win32.x86_64_15.0.1.v20201027-0507/jre/bin/server;C:/Program Files (x86)/eclipse//plugins/org.eclipse.justj.openjdk.hotspot.jre.full.win32.x86_64_15.0.1.v20201027-0507/jre/bin;C:\Program Files (x86)\Common Files\Oracle\Java\javapath;C:\Program Files\Common Files\Oracle\Java\javapath;C:\Program Files (x86)\Razer Chroma SDK\bin;C:\Program Files\Razer Chroma SDK\bin;C:\Windows\system32;C:\Windows;C:\Program Files\Java\jdk-13.0.2\bin;C:\Program Files (x86)\Razer\ChromaBroadcast\bin;C:\Program Files\Razer\ChromaBroadcast\bin;C:\Windows\System32\Wbem;C:\Windows\System32\WindowsPowerShell\v1.0\;C:\Windows\System32\OpenSSH\;C:\Program Files (x86)\Intel\Intel(R) Management Engine Components\DAL;C:\Program Files\Intel\Intel(R) Management Engine Components\DAL;C:\Program Files\Intel\WiFi\bin\;C:\Program Files\Common Files\Intel\WirelessCommon\;C:\Program Files (x86)\NVIDIA Corporation\PhysX\Common;C:\Program Files\NVIDIA Corporation\NVIDIA NvDLISR;C:\Users\Administrator\AppData\Local\Microsoft\WindowsApps;C:\Program Files\Oculus\Support\oculus-runtime;C:\Windows\system32\config\systemprofile\AppData\Local\Microsoft\WindowsApps;C:\WINDOWS\system32;C:\WINDOWS;C:\WINDOWS\System32\Wbem;C:\WINDOWS\System32\WindowsPowerShell\v1.0\;C:\WINDOWS\System32\OpenSSH\;C:\Program Files\PuTTY\;C:\Program Files\nodejs\;C:\Program Files\dotnet\;T:\Modding\Minecraft Mods\WorldPainter;C:\Program Files (x86)\dotnet\;C:\Program Files\PowerShell\7\;C:\Users\thelu\AppData\Local\Microsoft\WindowsApps;C:\Users\thelu\AppData\Roaming\npm;C:\Users\thelu\.dotnet\tools;C:\Program Files (x86)\eclipse;
USERNAME=thelu
OS=Windows_NT
PROCESSOR_IDENTIFIER=Intel64 Family 6 Model 158 Stepping 10, GenuineIntel



---------------  S Y S T E M  ---------------

OS:
 Windows 10 , 64 bit Build 19041 (10.0.19041.804)
OS uptime: 1 days 0:13 hours
HyperV virtualization detected

CPU: total 12 (initial active 12) (6 cores per cpu, 2 threads per core) family 6 model 158 stepping 10 microcode 0xde, cmov, cx8, fxsr, mmx, sse, sse2, sse3, ssse3, sse4.1, sse4.2, popcnt, vzeroupper, avx, avx2, aes, clmul, erms, 3dnowpref, lzcnt, ht, tsc, tscinvbit, bmi1, bmi2, adx, fma, clflush, clflushopt

Memory: 4k page, system-wide physical 16282M (3998M free)
TotalPageFile size 30185M (AvailPageFile size 3732M)
current process WorkingSet (physical memory assigned to process): 45M, peak: 48M
current process commit charge ("private bytes"): 348M, peak: 350M

vm_info: OpenJDK 64-Bit Server VM (15.0.1+9-18) for windows-amd64 JRE (15.0.1+9-18), built on Sep 15 2020 14:39:31 by "mach5one" with unknown MS VC++:1925

END.
